Beans
API listening on port 5000
Beans
API listening on port 5000
Server running at http://127.0.0.1:3000/
Beans
API listening on port 5000
Request received
Server running at http://127.0.0.1:3000/
Beans
API listening on port 5000
Server running at http://127.0.0.1:3000/
Beans
Beans
Beans
Beans
Beans
Beans
Beans
Beans
Beans
Beans
Beans
Beans
Beans
Beans
Beans
Beans
Beans
Beans
Beans
Beans
Beans
Beans
Beans
Beans
Beans
Server running at http://127.0.0.1:3000/
Beans
API listening on port 5000
Server running at http://127.0.0.1:3000/
Server running at http://127.0.0.1:3000/
Beans
API listening on port 5000
Beans
API listening on port 5000
Server running at http://127.0.0.1:3000/
Beans
API listening on port 5000
{
  jsonrpc: '2.0',
  method: 'create',
  params: { name: 'Noah', password: '234089sfjdl' },
  id: 1
}
Running user.create()
Opened DB Connection
$2b$10$ju6T.S4LvN/hYQIBL4GkLOJI2UYa.WE/FdxlRP5Dh7lVkiicDNxeK
{
  jsonrpc: '2.0',
  method: 'create',
  params: { name: 'Noah', password: '234089sfjdl' },
  id: 1
}
Running user.create()
Opened DB Connection
$2b$10$A/WBghurg.SAmLIly1FBtux3CIKZamMy0HYfUQ1zVtHhouB8WNXgC
{
  jsonrpc: '2.0',
  method: 'create',
  params: { name: 'Noah', password: '234089sfjdl' },
  id: 1
}
Running user.create()
Opened DB Connection
$2b$10$v6RSQyTYwB9FkZGk8tOz7eDKgvRy8HHbKbQLwYvs6vr516nLJF8bm
{
  jsonrpc: '2.0',
  method: 'create',
  params: { name: 'Noah', password: '234089sfjdl' },
  id: 1
}
Running user.create()
Opened DB Connection
$2b$10$1lM3/pySF9ZxXSb/OHe6Y.0vESJWB3iobXigSnJp5QhY2mJG1Q9Zq
{
  jsonrpc: '2.0',
  method: 'create',
  params: { name: 'Noah', password: '234089sfjdl' },
  id: 1
}
Running user.create()
Opened DB Connection
$2b$10$AGqLfK/RWEWZghEdv.aGbuJTGRc8JSLHJkyBu5r1VP2BCyliORZAS
{
  jsonrpc: '2.0',
  method: 'create',
  params: { name: 'Noah', password: '234089sfjdl' },
  id: 1
}
Running user.create()
Opened DB Connection
$2b$10$EETbphAPdZHF8hv.Jqz8sO.yWpVHcCnSiq0Ji6lAq0dclHBHTXfqq
{
  jsonrpc: '2.0',
  method: 'create',
  params: { name: 'Noah', password: '234089sfjdl' },
  id: 1
}
Running user.create()
Opened DB Connection
$2b$10$FKQJSZPNehYosNgjAfAjSenD/4.ywnoObTMcxiNVk5o4wyoXPxbOO
{
  jsonrpc: '2.0',
  method: 'create',
  params: { name: 'Noah', password: '234089sfjdl' },
  id: 1
}
Running user.create()
Opened DB Connection
$2b$10$aT48VQzpHEfJMmiPIzruQOC4HzAI6O/lRxkBHbhNIUDB8dq5B3zae
{
  jsonrpc: '2.0',
  method: 'create',
  params: { name: 'Noah', password: '234089sfjdl' },
  id: 1
}
Running user.create()
Opened DB Connection
$2b$10$LiskfMWYPwWbiY5jZIsxNeghNSJqlABuwS3f6tAoT9Bv98eZRezEG
{
  jsonrpc: '2.0',
  method: 'create',
  params: { name: 'Noah', password: '234089sfjdl' },
  id: 1
}
Running user.create()
Opened DB Connection
$2b$10$9.MKJHa3G1.XGcsyYzAcsefb6xnwf1hgRxevBKdRMNSsQkwBtgGuq
{
  jsonrpc: '2.0',
  method: 'create',
  params: { name: 'Noah', password: '234089sfjdl' },
  id: 1
}
Running user.create()
Opened DB Connection
$2b$10$x.405M7ox2e/9dLc/HIWXOBk8GizzgsKpiesiEuP8GO4f8RZxcxcG
{
  jsonrpc: '2.0',
  method: 'create',
  params: { name: 'Noah', password: '234089sfjdl' },
  id: 1
}
Running user.create()
Opened DB Connection
$2b$10$JQDDBLL5a8MaZd1nMzdTouZ8/pUx7XHfxh/CUT4uHZX1ZfTYH6vha
{
  jsonrpc: '2.0',
  method: 'create',
  params: { name: 'Noah', password: '234089sfjdl' },
  id: 1
}
Running user.create()
Opened DB Connection
$2b$10$.AsAwFW/sRciHX99DBtbJe5ESNiDJsAqFk.pGC5pRHh5OH1gtaJ9G
{
  jsonrpc: '2.0',
  method: 'create',
  params: { name: 'Noah', password: '234089sfjdl' },
  id: 1
}
Running user.create()
Opened DB Connection
$2b$10$nb2dtDg.CW28Zrdgrh.wtuHjzcHvqdYdT4z4z3lQRVSNMInXEWkFW
{
  jsonrpc: '2.0',
  method: 'create',
  params: { name: 'Noah', password: '234089sfjdl' },
  id: 1
}
Running user.create()
Opened DB Connection
$2b$10$Jd6xWDW1E1DesuLoJiGh2ewWp2WJMmUfzkrS5ZCaKBzfFZmq6RN..
{
  jsonrpc: '2.0',
  method: 'create',
  params: { name: 'Noah', password: '234089sfjdl' },
  id: 1
}
Running user.create()
Opened DB Connection
$2b$10$F9ocuBB2m7Q5iWAY1H4YiegnFPKL8MJgF9XnUms5JVjbH4PVNa3hW
{
  jsonrpc: '2.0',
  method: 'create',
  params: { name: 'Noah', password: '234089sfjdl' },
  id: 1
}
Running user.create()
Opened DB Connection
$2b$10$xaJkkteT8ErhHVWzg4Q48.FALtf4qifUY0JsPikp7Dp3fMnRfzJn.
{
  jsonrpc: '2.0',
  method: 'create',
  params: { name: 'Noah', password: '234089sfjdl' },
  id: 1
}
Running user.create()
Opened DB Connection
$2b$10$pr9A/IM5OEs8Air0gp3MS.69OTIAX.YpfuIUVc7NX9M9S6aDXvXzm
{
  jsonrpc: '2.0',
  method: 'create',
  params: { name: 'Noah', password: '234089sfjdl' },
  id: 1
}
Running user.create()
Opened DB Connection
$2b$10$P5oUfvocTV/TOoDV2.WGpezPHiqhealD87ENQjVoI7PSXOJS77qgu
{
  jsonrpc: '2.0',
  method: 'create',
  params: { name: 'Noah', password: '234089sfjdl' },
  id: 1
}
Running user.create()
Opened DB Connection
$2b$10$GOwQMD/3n2LIkWgi7KsyMuchJj9grTkb/UCnmlXwgc9pa/tsxXdoW
Server running at http://127.0.0.1:3000/
Beans
API listening on port 5000
Beanssdfjkjlsdfjklsajlksfjlksfjkldsf
Running user.create()
Opened DB Connection
Closed DB Connection
Beanssdfjkjlsdfjklsajlksfjlksfjkldsf
Running user.create()
Opened DB Connection
Closed DB Connection
Beanssdfjkjlsdfjklsajlksfjlksfjkldsf
Running user.create()
Opened DB Connection
Closed DB Connection
Beanssdfjkjlsdfjklsajlksfjlksfjkldsf
Running user.create()
Opened DB Connection
Closed DB Connection
Beanssdfjkjlsdfjklsajlksfjlksfjkldsf
Running user.create()
Opened DB Connection
Closed DB Connection
Beans
API listening on port 5000
Beanssdfjkjlsdfjklsajlksfjlksfjkldsf
Running user.create()
Opened DB Connection
Beanssdfjkjlsdfjklsajlksfjlksfjkldsf
Running user.create()
Opened DB Connection
Beanssdfjkjlsdfjklsajlksfjlksfjkldsf
Running user.create()
Opened DB Connection
Beanssdfjkjlsdfjklsajlksfjlksfjkldsf
Running user.create()
Opened DB Connection
Beanssdfjkjlsdfjklsajlksfjlksfjkldsf
Running user.create()
Opened DB Connection
Beanssdfjkjlsdfjklsajlksfjlksfjkldsf
Running user.create()
Opened DB Connection
Beans
API listening on port 5000
Beanssdfjkjlsdfjklsajlksfjlksfjkldsf
Running user.create()
Opened DB Connection
Closed DB Connection
Beanssdfjkjlsdfjklsajlksfjlksfjkldsf
Running user.create()
Opened DB Connection
Closed DB Connection
Beanssdfjkjlsdfjklsajlksfjlksfjkldsf
Running user.create()
Opened DB Connection
Closed DB Connection
Beans
API listening on port 5000
Beanssdfjkjlsdfjklsajlksfjlksfjkldsf
Running user.create()
Opened DB Connection
Closed DB Connection
Beanssdfjkjlsdfjklsajlksfjlksfjkldsf
Running user.create()
Opened DB Connection
Closed DB Connection
Beanssdfjkjlsdfjklsajlksfjlksfjkldsf
Running user.create()
Opened DB Connection
Closed DB Connection
Beanssdfjkjlsdfjklsajlksfjlksfjkldsf
Running user.create()
Opened DB Connection
Closed DB Connection
Beanssdfjkjlsdfjklsajlksfjlksfjkldsf
Running user.create()
Opened DB Connection
Closed DB Connection
Beanssdfjkjlsdfjklsajlksfjlksfjkldsf
Running user.create()
Opened DB Connection
Closed DB Connection
Beanssdfjkjlsdfjklsajlksfjlksfjkldsf
Running user.create()
Opened DB Connection
Closed DB Connection
Beans
API listening on port 5000
Beanssdfjkjlsdfjklsajlksfjlksfjkldsf
Running user.create()
Opened DB Connection
Closed DB Connection
Beanssdfjkjlsdfjklsajlksfjlksfjkldsf
Running user.create()
Opened DB Connection
Closed DB Connection
Beanssdfjkjlsdfjklsajlksfjlksfjkldsf
Running user.create()
Opened DB Connection
Closed DB Connection
Beanssdfjkjlsdfjklsajlksfjlksfjkldsf
Running user.create()
Opened DB Connection
Closed DB Connection
Beanssdfjkjlsdfjklsajlksfjlksfjkldsf
Running user.create()
Opened DB Connection
Closed DB Connection
Beanssdfjkjlsdfjklsajlksfjlksfjkldsf
Running user.create()
Opened DB Connection
Closed DB Connection
Beanssdfjkjlsdfjklsajlksfjlksfjkldsf
Running user.create()
Opened DB Connection
Closed DB Connection
Beanssdfjkjlsdfjklsajlksfjlksfjkldsf
Running user.create()
Opened DB Connection
Closed DB Connection
Beanssdfjkjlsdfjklsajlksfjlksfjkldsf
Running user.create()
Opened DB Connection
Closed DB Connection
Beanssdfjkjlsdfjklsajlksfjlksfjkldsf
Running user.create()
Opened DB Connection
Closed DB Connection
Beanssdfjkjlsdfjklsajlksfjlksfjkldsf
Running user.create()
Opened DB Connection
Closed DB Connection
Beanssdfjkjlsdfjklsajlksfjlksfjkldsf
Running user.create()
Opened DB Connection
Closed DB Connection
Beanssdfjkjlsdfjklsajlksfjlksfjkldsf
Running user.create()
Opened DB Connection
Closed DB Connection
Request received
Beans
API listening on port 5000
Beanssdfjkjlsdfjklsajlksfjlksfjkldsf
Running user.create()
Opened DB Connection
Closed DB Connection
Beanssdfjkjlsdfjklsajlksfjlksfjkldsf
Running user.create()
Opened DB Connection
Closed DB Connection
Beanssdfjkjlsdfjklsajlksfjlksfjkldsf
Running user.create()
Opened DB Connection
Closed DB Connection
Beanssdfjkjlsdfjklsajlksfjlksfjkldsf
Running user.create()
Opened DB Connection
Closed DB Connection
Beanssdfjkjlsdfjklsajlksfjlksfjkldsf
Running user.create()
Opened DB Connection
Closed DB Connection
Beans
API listening on port 5000
Beanssdfjkjlsdfjklsajlksfjlksfjkldsf
Running user.create()
Opened DB Connection
Beanssdfjkjlsdfjklsajlksfjlksfjkldsf
Running user.create()
Opened DB Connection
Beanssdfjkjlsdfjklsajlksfjlksfjkldsf
Running user.create()
Opened DB Connection
Beanssdfjkjlsdfjklsajlksfjlksfjkldsf
Running user.create()
Opened DB Connection
Beanssdfjkjlsdfjklsajlksfjlksfjkldsf
Running user.create()
Opened DB Connection
Beanssdfjkjlsdfjklsajlksfjlksfjkldsf
Running user.create()
Opened DB Connection
Beanssdfjkjlsdfjklsajlksfjlksfjkldsf
Running user.create()
Opened DB Connection
Beans
API listening on port 5000
Beanssdfjkjlsdfjklsajlksfjlksfjkldsf
Running user.create()
Opened DB Connection
A row has been inserted with rowid 1
Beanssdfjkjlsdfjklsajlksfjlksfjkldsf
Running user.create()
Opened DB Connection
Beanssdfjkjlsdfjklsajlksfjlksfjkldsf
Running user.create()
Opened DB Connection
Beanssdfjkjlsdfjklsajlksfjlksfjkldsf
Running user.create()
Opened DB Connection
Beanssdfjkjlsdfjklsajlksfjlksfjkldsf
Running user.create()
Opened DB Connection
Beanssdfjkjlsdfjklsajlksfjlksfjkldsf
Running user.create()
Opened DB Connection
Beanssdfjkjlsdfjklsajlksfjlksfjkldsf
Running user.create()
Opened DB Connection
Beanssdfjkjlsdfjklsajlksfjlksfjkldsf
Running user.create()
Opened DB Connection
Beanssdfjkjlsdfjklsajlksfjlksfjkldsf
Running user.create()
Opened DB Connection
Beanssdfjkjlsdfjklsajlksfjlksfjkldsf
Running user.create()
Opened DB Connection
Beanssdfjkjlsdfjklsajlksfjlksfjkldsf
Running user.create()
Opened DB Connection
Beans
API listening on port 5000
Beanssdfjkjlsdfjklsajlksfjlksfjkldsf
Running user.create()
Opened DB Connection
Beans
API listening on port 5000
Beanssdfjkjlsdfjklsajlksfjlksfjkldsf
Running user.create()
Opened DB Connection
Beans
API listening on port 5000
Beanssdfjkjlsdfjklsajlksfjlksfjkldsf
Running user.create()
Opened DB Connection
Beans
API listening on port 5000
Beans
API listening on port 5000
Beanssdfjkjlsdfjklsajlksfjlksfjkldsf
Running user.create()
Opened DB Connection
Beans
API listening on port 5000
Beanssdfjkjlsdfjklsajlksfjlksfjkldsf
Running user.create()
Opened DB Connection
Beans
API listening on port 5000
Beanssdfjkjlsdfjklsajlksfjlksfjkldsf
Running user.create()
Opened DB Connection
Beans
API listening on port 5000
Beans
API listening on port 5000
Beanssdfjkjlsdfjklsajlksfjlksfjkldsf
Running user.create()
Opened DB Connection
Beans
API listening on port 5000
Beanssdfjkjlsdfjklsajlksfjlksfjkldsf
Running user.create()
Opened DB Connection
Beans
API listening on port 5000
Beanssdfjkjlsdfjklsajlksfjlksfjkldsf
Running user.create()
Opened DB Connection
Beans
API listening on port 5000
Beanssdfjkjlsdfjklsajlksfjlksfjkldsf
Running user.create()
Opened DB Connection
Beans
API listening on port 5000
Beanssdfjkjlsdfjklsajlksfjlksfjkldsf
Running user.create()
Opened DB Connection
Beans
API listening on port 5000
Beanssdfjkjlsdfjklsajlksfjlksfjkldsf
Running user.create()
Opened DB Connection
Beans
API listening on port 5000
Beanssdfjkjlsdfjklsajlksfjlksfjkldsf
Running user.create()
Opened DB Connection
Beans
API listening on port 5000
Beanssdfjkjlsdfjklsajlksfjlksfjkldsf
Running user.create()
Opened DB Connection
Beans
API listening on port 5000
Server running at http://127.0.0.1:3000/
Beans
API listening on port 5000
Beanssdfjkjlsdfjklsajlksfjlksfjkldsf
Running user.create()
Opened DB Connection
Beans
API listening on port 5000
Beanssdfjkjlsdfjklsajlksfjlksfjkldsf
Running user.create()
Opened DB Connection
Beans
API listening on port 5000
Beanssdfjkjlsdfjklsajlksfjlksfjkldsf
Running user.create()
Opened DB Connection
Beans
API listening on port 5000
Beanssdfjkjlsdfjklsajlksfjlksfjkldsf
Running user.create()
Opened DB Connection
Beans
API listening on port 5000
Beans
API listening on port 5000
Beanssdfjkjlsdfjklsajlksfjlksfjkldsf
Running user.create()
Beanssdfjkjlsdfjklsajlksfjlksfjkldsf
Running user.create()
Beanssdfjkjlsdfjklsajlksfjlksfjkldsf
Running user.create()
Beans
API listening on port 5000
Beanssdfjkjlsdfjklsajlksfjlksfjkldsf
Running user.create()
Opened DB Connection
Beans
API listening on port 5000
Beanssdfjkjlsdfjklsajlksfjlksfjkldsf
Running user.create()
Opened DB Connection
Beans
API listening on port 5000
Beans
API listening on port 5000
Beanssdfjkjlsdfjklsajlksfjlksfjkldsf
Running user.create()
Opened DB Connection
Beanssdfjkjlsdfjklsajlksfjlksfjkldsf
Running user.create()
Opened DB Connection
Beanssdfjkjlsdfjklsajlksfjlksfjkldsf
Running user.create()
Opened DB Connection
Beanssdfjkjlsdfjklsajlksfjlksfjkldsf
Running user.create()
Opened DB Connection
Beanssdfjkjlsdfjklsajlksfjlksfjkldsf
Running user.create()
Opened DB Connection
Beanssdfjkjlsdfjklsajlksfjlksfjkldsf
Running user.create()
Opened DB Connection
Beanssdfjkjlsdfjklsajlksfjlksfjkldsf
Running user.create()
Opened DB Connection
Server running at http://127.0.0.1:3000/
Server running at http://127.0.0.1:3000/
Beans
API listening on port 5000
Beanssdfjkjlsdfjklsajlksfjlksfjkldsf
Running user.create()
Opened DB Connection
Beanssdfjkjlsdfjklsajlksfjlksfjkldsf
Running user.create()
Opened DB Connection
Beans
API listening on port 5000
Running user.create()
Opened DB Connection
Beans
API listening on port 5000
Running user.create()
Opened DB Connection
Beans
API listening on port 5000
Running user.create()
Opened DB Connection
Beans
API listening on port 5000
Beans
API listening on port 5000
Running user.create()
Beans
API listening on port 5000
Running user.create()
Opened DB Connection
Beans
API listening on port 5000
Running user.create()
Opened DB Connection
Beans
API listening on port 5000
Running user.create()
Opened DB Connection
Beans
API listening on port 5000
Running user.create()
Opened DB Connection
Beans
API listening on port 5000
Running user.create()
Opened DB Connection
Beans
API listening on port 5000
Beans
API listening on port 5000
Running user.create()
Opened DB Connection
Beans
API listening on port 5000
Running user.create()
Opened DB Connection
Closed DB Connection
Running user.create()
Opened DB Connection
Closed DB Connection
Running user.create()
Opened DB Connection
Closed DB Connection
Beans
API listening on port 5000
Running user.create()
Opened DB Connection
Closed DB Connection
Running user.create()
Opened DB Connection
Closed DB Connection
Running user.create()
Opened DB Connection
Closed DB Connection
Running user.create()
Opened DB Connection
Closed DB Connection
Running user.create()
Opened DB Connection
Closed DB Connection
Beans
API listening on port 5000
Running user.create()
Opened DB Connection
Closed DB Connection
Running user.create()
Opened DB Connection
Closed DB Connection
Running user.create()
Opened DB Connection
Closed DB Connection
Running user.create()
Opened DB Connection
Closed DB Connection
Running user.create()
Opened DB Connection
Closed DB Connection
Running user.create()
Opened DB Connection
Closed DB Connection
Running user.create()
Opened DB Connection
Closed DB Connection
Running user.create()
Opened DB Connection
Closed DB Connection
Running user.create()
Opened DB Connection
Closed DB Connection
Running user.create()
Opened DB Connection
Closed DB Connection
Running user.create()
Opened DB Connection
Closed DB Connection
Beans
API listening on port 5000
Running user.create()
Opened DB Connection
Closed DB Connection
Running user.create()
Opened DB Connection
Closed DB Connection
Running user.create()
Opened DB Connection
Closed DB Connection
Beans
API listening on port 5000
Running user.create()
Opened DB Connection
Closed DB Connection
Beans
API listening on port 5000
Beans
API listening on port 5000
Running user.create()
Opened DB Connection
Closed DB Connection
Beans
API listening on port 5000
Beans
API listening on port 5000
Running user.create()
Opened DB Connection
Closed DB Connection
Beans
API listening on port 5000
Running user.create()
Opened DB Connection
Closed DB Connection
Beans
API listening on port 5000
Running user.create()
Opened DB Connection
Closed DB Connection
Beans
API listening on port 5000
Running user.create()
Opened DB Connection
Closed DB Connection
Beans
API listening on port 5000
Running user.create()
Opened DB Connection
Closed DB Connection
Beans
API listening on port 5000
Running user.create()
Opened DB Connection
Closed DB Connection
Beans
API listening on port 5000
Beans
API listening on port 5000
Running user.create()
Opened DB Connection
Closed DB Connection
Beans
API listening on port 5000
Running user.create()
Opened DB Connection
Closed DB Connection
Beans
API listening on port 5000
Beans
API listening on port 5000
Running user.create()
Opened DB Connection
Closed DB Connection
Beans
API listening on port 5000
Running user.create()
Opened DB Connection
Closed DB Connection
Beans
API listening on port 5000
Running user.create()
Opened DB Connection
Closed DB Connection
Beans
API listening on port 5000
Running user.create()
Opened DB Connection
Closed DB Connection
Beans
API listening on port 5000
Request received
Request received
Running user.create()
Opened DB Connection
Closed DB Connection
Beans
API listening on port 5000
Running user.create()
Opened DB Connection
Closed DB Connection
Beans
API listening on port 5000
Running user.create()
Opened DB Connection
Closed DB Connection
Beans
API listening on port 5000
Running user.create()
Opened DB Connection
Closed DB Connection
Beans
API listening on port 5000
Running user.create()
Opened DB Connection
Closed DB Connection
Beans
API listening on port 5000
Running user.create()
Opened DB Connection
Closed DB Connection
Beans
API listening on port 5000
Running user.create()
Opened DB Connection
Closed DB Connection
Beans
API listening on port 5000
Running user.create()
Opened DB Connection
Closed DB Connection
Beans
API listening on port 5000
Running user.create()
Opened DB Connection
Closed DB Connection
Beans
API listening on port 5000
Request received
Request received
Request received
Request received
