0 verbose cli /usr/bin/node /usr/bin/npm
1 info using npm@9.2.0
2 info using node@v18.13.0
3 timing npm:load:whichnode Completed in 1ms
4 timing config:load:defaults Completed in 4ms
5 timing config:load:file:/usr/share/nodejs/npm/npmrc Completed in 10ms
6 timing config:load:builtin Completed in 10ms
7 timing config:load:cli Completed in 3ms
8 timing config:load:env Completed in 1ms
9 timing config:load:file:/home/ngallego/hello/.npmrc Completed in 1ms
10 timing config:load:project Completed in 5ms
11 timing config:load:file:/home/ngallego/.npmrc Completed in 0ms
12 timing config:load:user Completed in 1ms
13 timing config:load:file:/etc/npmrc Completed in 0ms
14 timing config:load:global Completed in 0ms
15 timing config:load:setEnvs Completed in 3ms
16 timing config:load Completed in 29ms
17 timing npm:load:configload Completed in 29ms
18 timing npm:load:mkdirpcache Completed in 2ms
19 timing npm:load:mkdirplogs Completed in 1ms
20 verbose title npm init
21 verbose argv "init"
22 timing npm:load:setTitle Completed in 3ms
23 timing config:load:flatten Completed in 6ms
24 timing npm:load:display Completed in 7ms
25 verbose logfile logs-max:10 dir:/home/ngallego/.npm/_logs/2024-03-16T20_01_04_910Z-
26 verbose logfile /home/ngallego/.npm/_logs/2024-03-16T20_01_04_910Z-debug-0.log
27 timing npm:load:logFile Completed in 11ms
28 timing npm:load:timers Completed in 0ms
29 timing npm:load:configScope Completed in 0ms
30 timing npm:load Completed in 54ms
31 silly logfile done cleaning log files
