0 verbose cli /usr/bin/node /usr/bin/npm
1 info using npm@9.2.0
2 info using node@v18.13.0
3 timing npm:load:whichnode Completed in 0ms
4 timing config:load:defaults Completed in 4ms
5 timing config:load:file:/usr/share/nodejs/npm/npmrc Completed in 7ms
6 timing config:load:builtin Completed in 7ms
7 timing config:load:cli Completed in 3ms
8 timing config:load:env Completed in 1ms
9 timing config:load:project Completed in 4ms
10 timing config:load:file:/home/ngallego/.npmrc Completed in 0ms
11 timing config:load:user Completed in 1ms
12 timing config:load:file:/etc/npmrc Completed in 1ms
13 timing config:load:global Completed in 1ms
14 timing config:load:setEnvs Completed in 2ms
15 timing config:load Completed in 25ms
16 timing npm:load:configload Completed in 26ms
17 timing npm:load:mkdirpcache Completed in 1ms
18 timing npm:load:mkdirplogs Completed in 1ms
19 verbose title npm test
20 verbose argv "test"
21 timing npm:load:setTitle Completed in 3ms
22 timing config:load:flatten Completed in 7ms
23 timing npm:load:display Completed in 9ms
24 verbose logfile logs-max:10 dir:/home/ngallego/.npm/_logs/2024-04-16T17_32_59_651Z-
25 verbose logfile /home/ngallego/.npm/_logs/2024-04-16T17_32_59_651Z-debug-0.log
26 timing npm:load:logFile Completed in 13ms
27 timing npm:load:timers Completed in 0ms
28 timing npm:load:configScope Completed in 0ms
29 timing npm:load Completed in 55ms
30 silly logfile done cleaning log files
31 timing command:run-script Completed in 3ms
32 timing command:test Completed in 13ms
33 verbose stack Error: ENOENT: no such file or directory, open '/home/ngallego/package.json'
34 verbose cwd /home/ngallego
35 verbose Linux 6.5.0-26-generic
36 verbose node v18.13.0
37 verbose npm  v9.2.0
38 error code ENOENT
39 error syscall open
40 error path /home/ngallego/package.json
41 error errno -2
42 error enoent ENOENT: no such file or directory, open '/home/ngallego/package.json'
43 error enoent This is related to npm not being able to find a file.
43 error enoent
44 verbose exit -2
45 timing npm Completed in 110ms
46 verbose code -2
47 error A complete log of this run can be found in:
47 error     /home/ngallego/.npm/_logs/2024-04-16T17_32_59_651Z-debug-0.log
