0 verbose cli /usr/bin/node /usr/bin/npm
1 info using npm@9.2.0
2 info using node@v18.13.0
3 timing npm:load:whichnode Completed in 1ms
4 timing config:load:defaults Completed in 9ms
5 timing config:load:file:/usr/share/nodejs/npm/npmrc Completed in 9ms
6 timing config:load:builtin Completed in 9ms
7 timing config:load:cli Completed in 3ms
8 timing config:load:env Completed in 1ms
9 timing config:load:file:/home/ngallego/www/.npmrc Completed in 1ms
10 timing config:load:project Completed in 3ms
11 timing config:load:file:/home/ngallego/.npmrc Completed in 0ms
12 timing config:load:user Completed in 1ms
13 timing config:load:file:/etc/npmrc Completed in 1ms
14 timing config:load:global Completed in 1ms
15 timing config:load:setEnvs Completed in 2ms
16 timing config:load Completed in 31ms
17 timing npm:load:configload Completed in 31ms
18 timing npm:load:mkdirpcache Completed in 1ms
19 timing npm:load:mkdirplogs Completed in 1ms
20 verbose title npm install particles.js
21 verbose argv "install" "particles.js"
22 timing npm:load:setTitle Completed in 3ms
23 timing config:load:flatten Completed in 7ms
24 timing npm:load:display Completed in 10ms
25 verbose logfile logs-max:10 dir:/home/ngallego/.npm/_logs/2024-03-20T17_20_19_446Z-
26 verbose logfile /home/ngallego/.npm/_logs/2024-03-20T17_20_19_446Z-debug-0.log
27 timing npm:load:logFile Completed in 16ms
28 timing npm:load:timers Completed in 0ms
29 timing npm:load:configScope Completed in 0ms
30 timing npm:load Completed in 65ms
31 silly logfile done cleaning log files
32 timing config:load:flatten Completed in 1ms
33 timing arborist:ctor Completed in 2ms
34 timing arborist:ctor Completed in 0ms
35 timing idealTree:init Completed in 31ms
36 timing idealTree:userRequests Completed in 9ms
37 silly idealTree buildDeps
38 silly fetch manifest particles.js@*
39 http fetch GET 200 https://registry.npmjs.org/particles.js 232ms (cache miss)
40 silly placeDep ROOT particles.js@2.0.0 OK for:  want: *
41 timing idealTree:#root Completed in 263ms
42 timing idealTree:node_modules/particles.js Completed in 0ms
43 timing idealTree:buildDeps Completed in 265ms
44 timing idealTree:fixDepFlags Completed in 1ms
45 timing idealTree Completed in 311ms
46 timing reify:loadTrees Completed in 314ms
47 timing reify:diffTrees Completed in 3ms
48 silly reify moves {}
49 timing reify:retireShallow Completed in 4ms
50 timing reify:createSparse Completed in 11ms
51 timing reify:loadBundles Completed in 0ms
52 silly tarball no local data for particles.js@https://registry.npmjs.org/particles.js/-/particles.js-2.0.0.tgz. Extracting by manifest.
53 http fetch GET 200 https://registry.npmjs.org/particles.js/-/particles.js-2.0.0.tgz 96ms (cache miss)
54 timing reifyNode:node_modules/particles.js Completed in 113ms
55 timing reify:unpack Completed in 114ms
56 timing reify:unretire Completed in 0ms
57 timing build:queue Completed in 1ms
58 timing build:deps Completed in 1ms
59 timing build Completed in 3ms
60 timing reify:build Completed in 3ms
61 timing reify:trash Completed in 0ms
62 timing reify:save Completed in 15ms
63 timing reify Completed in 479ms
64 silly ADD node_modules/particles.js
65 timing command:install Completed in 497ms
66 verbose exit 0
67 timing npm Completed in 603ms
68 info ok
