0 verbose cli /usr/bin/node /usr/bin/npm
1 info using npm@9.2.0
2 info using node@v18.13.0
3 timing npm:load:whichnode Completed in 0ms
4 timing config:load:defaults Completed in 3ms
5 timing config:load:file:/usr/share/nodejs/npm/npmrc Completed in 4ms
6 timing config:load:builtin Completed in 4ms
7 timing config:load:cli Completed in 2ms
8 timing config:load:env Completed in 0ms
9 timing config:load:file:/home/ngallego/lab11/.npmrc Completed in 0ms
10 timing config:load:project Completed in 2ms
11 timing config:load:file:/home/ngallego/.npmrc Completed in 0ms
12 timing config:load:user Completed in 1ms
13 timing config:load:file:/etc/npmrc Completed in 0ms
14 timing config:load:global Completed in 0ms
15 timing config:load:setEnvs Completed in 1ms
16 timing config:load Completed in 13ms
17 timing npm:load:configload Completed in 13ms
18 timing npm:load:mkdirpcache Completed in 1ms
19 timing npm:load:mkdirplogs Completed in 0ms
20 verbose title npm install
21 verbose argv "install"
22 timing npm:load:setTitle Completed in 2ms
23 timing config:load:flatten Completed in 4ms
24 timing npm:load:display Completed in 5ms
25 verbose logfile logs-max:10 dir:/home/ngallego/.npm/_logs/2024-04-24T04_23_49_808Z-
26 verbose logfile /home/ngallego/.npm/_logs/2024-04-24T04_23_49_808Z-debug-0.log
27 timing npm:load:logFile Completed in 8ms
28 timing npm:load:timers Completed in 0ms
29 timing npm:load:configScope Completed in 0ms
30 timing npm:load Completed in 31ms
31 silly logfile done cleaning log files
32 timing config:load:flatten Completed in 1ms
33 timing arborist:ctor Completed in 2ms
34 timing arborist:ctor Completed in 1ms
35 timing idealTree:init Completed in 21ms
36 timing idealTree:userRequests Completed in 1ms
37 silly idealTree buildDeps
38 silly fetch manifest bcrypt@^5.1.0
39 http fetch GET 200 https://registry.npmjs.org/bcrypt 134ms (cache revalidated)
40 silly fetch manifest express@^4.18.2
41 http fetch GET 200 https://registry.npmjs.org/express 59ms (cache updated)
42 silly fetch manifest sqlite3@^5.1.6
43 http fetch GET 200 https://registry.npmjs.org/sqlite3 38ms (cache revalidated)
44 silly placeDep ROOT bcrypt@5.1.1 OK for: api@1.0.0 want: ^5.1.0
45 silly placeDep ROOT express@4.19.2 OK for: api@1.0.0 want: ^4.18.2
46 silly placeDep ROOT sqlite3@5.1.7 OK for: api@1.0.0 want: ^5.1.6
47 silly fetch manifest @mapbox/node-pre-gyp@^1.0.11
48 silly fetch manifest node-addon-api@^5.0.0
49 silly fetch manifest accepts@~1.3.8
50 silly fetch manifest array-flatten@1.1.1
51 silly fetch manifest body-parser@1.20.2
52 silly fetch manifest content-disposition@0.5.4
53 silly fetch manifest content-type@~1.0.4
54 silly fetch manifest cookie@0.6.0
55 silly fetch manifest cookie-signature@1.0.6
56 silly fetch manifest debug@2.6.9
57 silly fetch manifest depd@2.0.0
58 silly fetch manifest encodeurl@~1.0.2
59 silly fetch manifest escape-html@~1.0.3
60 silly fetch manifest etag@~1.8.1
61 silly fetch manifest finalhandler@1.2.0
62 silly fetch manifest fresh@0.5.2
63 silly fetch manifest http-errors@2.0.0
64 silly fetch manifest merge-descriptors@1.0.1
65 silly fetch manifest methods@~1.1.2
66 silly fetch manifest on-finished@2.4.1
67 silly fetch manifest parseurl@~1.3.3
68 silly fetch manifest path-to-regexp@0.1.7
69 silly fetch manifest proxy-addr@~2.0.7
70 silly fetch manifest qs@6.11.0
71 silly fetch manifest range-parser@~1.2.1
72 silly fetch manifest safe-buffer@5.2.1
73 silly fetch manifest send@0.18.0
74 silly fetch manifest serve-static@1.15.0
75 silly fetch manifest setprototypeof@1.2.0
76 silly fetch manifest statuses@2.0.1
77 silly fetch manifest type-is@~1.6.18
78 silly fetch manifest utils-merge@1.0.1
79 silly fetch manifest vary@~1.1.2
80 silly fetch manifest bindings@^1.5.0
81 silly fetch manifest node-addon-api@^7.0.0
82 silly fetch manifest prebuild-install@^7.1.1
83 silly fetch manifest tar@^6.1.11
84 silly fetch manifest node-gyp@8.x
85 http fetch GET 200 https://registry.npmjs.org/@mapbox%2fnode-pre-gyp 243ms (cache revalidated)
86 http fetch GET 200 https://registry.npmjs.org/fresh 270ms (cache revalidated)
87 http fetch GET 200 https://registry.npmjs.org/content-disposition 345ms (cache revalidated)
88 http fetch GET 200 https://registry.npmjs.org/debug 343ms (cache revalidated)
89 http fetch GET 200 https://registry.npmjs.org/body-parser 351ms (cache revalidated)
90 http fetch GET 200 https://registry.npmjs.org/cookie 351ms (cache revalidated)
91 http fetch GET 200 https://registry.npmjs.org/node-addon-api 364ms (cache revalidated)
92 http fetch GET 200 https://registry.npmjs.org/depd 356ms (cache revalidated)
93 http fetch GET 200 https://registry.npmjs.org/escape-html 356ms (cache revalidated)
94 http fetch GET 200 https://registry.npmjs.org/cookie-signature 361ms (cache revalidated)
95 http fetch GET 200 https://registry.npmjs.org/content-type 363ms (cache revalidated)
96 http fetch GET 200 https://registry.npmjs.org/encodeurl 359ms (cache revalidated)
97 http fetch GET 200 https://registry.npmjs.org/accepts 368ms (cache revalidated)
98 http fetch GET 200 https://registry.npmjs.org/etag 360ms (cache revalidated)
99 http fetch GET 200 https://registry.npmjs.org/finalhandler 368ms (cache revalidated)
100 http fetch GET 200 https://registry.npmjs.org/methods 368ms (cache revalidated)
101 http fetch GET 200 https://registry.npmjs.org/array-flatten 379ms (cache revalidated)
102 http fetch GET 200 https://registry.npmjs.org/http-errors 370ms (cache revalidated)
103 http fetch GET 200 https://registry.npmjs.org/on-finished 368ms (cache revalidated)
104 http fetch GET 200 https://registry.npmjs.org/merge-descriptors 374ms (cache revalidated)
105 http fetch GET 200 https://registry.npmjs.org/parseurl 369ms (cache revalidated)
106 http fetch GET 200 https://registry.npmjs.org/path-to-regexp 368ms (cache revalidated)
107 http fetch GET 200 https://registry.npmjs.org/proxy-addr 401ms (cache revalidated)
108 http fetch GET 200 https://registry.npmjs.org/range-parser 408ms (cache revalidated)
109 http fetch GET 200 https://registry.npmjs.org/safe-buffer 411ms (cache revalidated)
110 http fetch GET 200 https://registry.npmjs.org/statuses 411ms (cache revalidated)
111 http fetch GET 200 https://registry.npmjs.org/setprototypeof 413ms (cache revalidated)
112 http fetch GET 200 https://registry.npmjs.org/serve-static 416ms (cache revalidated)
113 http fetch GET 200 https://registry.npmjs.org/send 419ms (cache revalidated)
114 http fetch GET 200 https://registry.npmjs.org/node-addon-api 410ms (cache revalidated)
115 http fetch GET 200 https://registry.npmjs.org/type-is 419ms (cache revalidated)
116 http fetch GET 200 https://registry.npmjs.org/utils-merge 419ms (cache revalidated)
117 http fetch GET 200 https://registry.npmjs.org/vary 415ms (cache revalidated)
118 http fetch GET 200 https://registry.npmjs.org/prebuild-install 413ms (cache revalidated)
119 http fetch GET 200 https://registry.npmjs.org/bindings 417ms (cache revalidated)
120 http fetch GET 200 https://registry.npmjs.org/node-gyp 414ms (cache revalidated)
121 http fetch GET 200 https://registry.npmjs.org/qs 451ms (cache updated)
122 http fetch GET 200 https://registry.npmjs.org/tar 446ms (cache updated)
123 timing idealTree:#root Completed in 761ms
124 silly placeDep ROOT @mapbox/node-pre-gyp@1.0.11 OK for: bcrypt@5.1.1 want: ^1.0.11
125 silly placeDep ROOT node-addon-api@5.1.0 OK for: bcrypt@5.1.1 want: ^5.0.0
126 silly fetch manifest detect-libc@^2.0.0
127 silly fetch manifest https-proxy-agent@^5.0.0
128 silly fetch manifest make-dir@^3.1.0
129 silly fetch manifest node-fetch@^2.6.7
130 silly fetch manifest nopt@^5.0.0
131 silly fetch manifest npmlog@^5.0.1
132 silly fetch manifest rimraf@^3.0.2
133 silly fetch manifest semver@^7.3.5
134 http fetch GET 200 https://registry.npmjs.org/detect-libc 79ms (cache revalidated)
135 http fetch GET 200 https://registry.npmjs.org/make-dir 78ms (cache revalidated)
136 http fetch GET 200 https://registry.npmjs.org/node-fetch 83ms (cache revalidated)
137 http fetch GET 200 https://registry.npmjs.org/https-proxy-agent 91ms (cache revalidated)
138 http fetch GET 200 https://registry.npmjs.org/rimraf 88ms (cache revalidated)
139 http fetch GET 200 https://registry.npmjs.org/npmlog 98ms (cache revalidated)
140 http fetch GET 200 https://registry.npmjs.org/semver 98ms (cache revalidated)
141 http fetch GET 200 https://registry.npmjs.org/nopt 108ms (cache revalidated)
142 timing idealTree:node_modules/bcrypt Completed in 122ms
143 silly fetch manifest encoding@^0.1.0
144 http fetch GET 200 https://registry.npmjs.org/encoding 39ms (cache revalidated)
145 silly placeDep ROOT detect-libc@2.0.3 OK for: @mapbox/node-pre-gyp@1.0.11 want: ^2.0.0
146 silly placeDep ROOT https-proxy-agent@5.0.1 OK for: @mapbox/node-pre-gyp@1.0.11 want: ^5.0.0
147 silly placeDep ROOT make-dir@3.1.0 OK for: @mapbox/node-pre-gyp@1.0.11 want: ^3.1.0
148 silly placeDep ROOT node-fetch@2.7.0 OK for: @mapbox/node-pre-gyp@1.0.11 want: ^2.6.7
149 silly placeDep ROOT nopt@5.0.0 OK for: @mapbox/node-pre-gyp@1.0.11 want: ^5.0.0
150 silly placeDep ROOT npmlog@5.0.1 OK for: @mapbox/node-pre-gyp@1.0.11 want: ^5.0.1
151 silly placeDep ROOT rimraf@3.0.2 OK for: @mapbox/node-pre-gyp@1.0.11 want: ^3.0.2
152 silly placeDep ROOT semver@7.6.0 OK for: @mapbox/node-pre-gyp@1.0.11 want: ^7.3.5
153 silly placeDep ROOT tar@6.2.1 OK for: @mapbox/node-pre-gyp@1.0.11 want: ^6.1.11
154 silly fetch manifest agent-base@6
155 silly fetch manifest debug@4
156 silly fetch manifest semver@^6.0.0
157 silly fetch manifest whatwg-url@^5.0.0
158 silly fetch manifest abbrev@1
159 silly fetch manifest are-we-there-yet@^2.0.0
160 silly fetch manifest console-control-strings@^1.1.0
161 silly fetch manifest gauge@^3.0.0
162 silly fetch manifest set-blocking@^2.0.0
163 silly fetch manifest glob@^7.1.3
164 silly fetch manifest lru-cache@^6.0.0
165 silly fetch manifest chownr@^2.0.0
166 silly fetch manifest fs-minipass@^2.0.0
167 silly fetch manifest minipass@^5.0.0
168 silly fetch manifest minizlib@^2.1.1
169 silly fetch manifest mkdirp@^1.0.3
170 silly fetch manifest yallist@^4.0.0
171 http fetch GET 200 https://registry.npmjs.org/agent-base 152ms (cache revalidated)
172 http fetch GET 200 https://registry.npmjs.org/whatwg-url 153ms (cache revalidated)
173 http fetch GET 200 https://registry.npmjs.org/abbrev 149ms (cache revalidated)
174 http fetch GET 200 https://registry.npmjs.org/console-control-strings 164ms (cache revalidated)
175 http fetch GET 200 https://registry.npmjs.org/gauge 172ms (cache revalidated)
176 http fetch GET 200 https://registry.npmjs.org/set-blocking 192ms (cache revalidated)
177 http fetch GET 200 https://registry.npmjs.org/chownr 194ms (cache revalidated)
178 http fetch GET 200 https://registry.npmjs.org/are-we-there-yet 207ms (cache revalidated)
179 http fetch GET 200 https://registry.npmjs.org/lru-cache 201ms (cache revalidated)
180 http fetch GET 200 https://registry.npmjs.org/glob 205ms (cache revalidated)
181 http fetch GET 200 https://registry.npmjs.org/mkdirp 209ms (cache revalidated)
182 http fetch GET 200 https://registry.npmjs.org/yallist 205ms (cache revalidated)
183 http fetch GET 200 https://registry.npmjs.org/fs-minipass 218ms (cache updated)
184 http fetch GET 200 https://registry.npmjs.org/minizlib 219ms (cache updated)
185 http fetch GET 200 https://registry.npmjs.org/minipass 225ms (cache updated)
186 timing idealTree:node_modules/@mapbox/node-pre-gyp Completed in 338ms
187 timing idealTree:node_modules/detect-libc Completed in 0ms
188 silly placeDep ROOT accepts@1.3.8 OK for: express@4.19.2 want: ~1.3.8
189 silly placeDep ROOT array-flatten@1.1.1 OK for: express@4.19.2 want: 1.1.1
190 silly placeDep ROOT body-parser@1.20.2 OK for: express@4.19.2 want: 1.20.2
191 silly placeDep ROOT content-disposition@0.5.4 OK for: express@4.19.2 want: 0.5.4
192 silly placeDep ROOT content-type@1.0.5 OK for: express@4.19.2 want: ~1.0.4
193 silly placeDep ROOT cookie@0.6.0 OK for: express@4.19.2 want: 0.6.0
194 silly placeDep ROOT cookie-signature@1.0.6 OK for: express@4.19.2 want: 1.0.6
195 silly placeDep ROOT debug@2.6.9 OK for: express@4.19.2 want: 2.6.9
196 silly placeDep ROOT depd@2.0.0 OK for: express@4.19.2 want: 2.0.0
197 silly placeDep ROOT encodeurl@1.0.2 OK for: express@4.19.2 want: ~1.0.2
198 silly placeDep ROOT escape-html@1.0.3 OK for: express@4.19.2 want: ~1.0.3
199 silly placeDep ROOT etag@1.8.1 OK for: express@4.19.2 want: ~1.8.1
200 silly placeDep ROOT finalhandler@1.2.0 OK for: express@4.19.2 want: 1.2.0
201 silly placeDep ROOT fresh@0.5.2 OK for: express@4.19.2 want: 0.5.2
202 silly placeDep ROOT http-errors@2.0.0 OK for: express@4.19.2 want: 2.0.0
203 silly placeDep ROOT merge-descriptors@1.0.1 OK for: express@4.19.2 want: 1.0.1
204 silly placeDep ROOT methods@1.1.2 OK for: express@4.19.2 want: ~1.1.2
205 silly placeDep ROOT on-finished@2.4.1 OK for: express@4.19.2 want: 2.4.1
206 silly placeDep ROOT parseurl@1.3.3 OK for: express@4.19.2 want: ~1.3.3
207 silly placeDep ROOT path-to-regexp@0.1.7 OK for: express@4.19.2 want: 0.1.7
208 silly placeDep ROOT proxy-addr@2.0.7 OK for: express@4.19.2 want: ~2.0.7
209 silly placeDep ROOT qs@6.11.0 OK for: express@4.19.2 want: 6.11.0
210 silly placeDep ROOT range-parser@1.2.1 OK for: express@4.19.2 want: ~1.2.1
211 silly placeDep ROOT safe-buffer@5.2.1 OK for: express@4.19.2 want: 5.2.1
212 silly placeDep ROOT send@0.18.0 OK for: express@4.19.2 want: 0.18.0
213 silly placeDep ROOT serve-static@1.15.0 OK for: express@4.19.2 want: 1.15.0
214 silly placeDep ROOT setprototypeof@1.2.0 OK for: express@4.19.2 want: 1.2.0
215 silly placeDep ROOT statuses@2.0.1 OK for: express@4.19.2 want: 2.0.1
216 silly placeDep ROOT type-is@1.6.18 OK for: express@4.19.2 want: ~1.6.18
217 silly placeDep ROOT utils-merge@1.0.1 OK for: express@4.19.2 want: 1.0.1
218 silly placeDep ROOT vary@1.1.2 OK for: express@4.19.2 want: ~1.1.2
219 silly fetch manifest mime-types@~2.1.34
220 silly fetch manifest negotiator@0.6.3
221 silly fetch manifest bytes@3.1.2
222 silly fetch manifest destroy@1.2.0
223 silly fetch manifest iconv-lite@0.4.24
224 silly fetch manifest raw-body@2.5.2
225 silly fetch manifest unpipe@1.0.0
226 silly fetch manifest ms@2.0.0
227 silly fetch manifest unpipe@~1.0.0
228 silly fetch manifest inherits@2.0.4
229 silly fetch manifest toidentifier@1.0.1
230 silly fetch manifest ee-first@1.1.1
231 silly fetch manifest forwarded@0.2.0
232 silly fetch manifest ipaddr.js@1.9.1
233 silly fetch manifest side-channel@^1.0.4
234 silly fetch manifest mime@1.6.0
235 silly fetch manifest ms@2.1.3
236 silly fetch manifest media-typer@0.3.0
237 silly fetch manifest mime-types@~2.1.24
238 http fetch GET 200 https://registry.npmjs.org/mime-types 210ms (cache revalidated)
239 http fetch GET 200 https://registry.npmjs.org/negotiator 210ms (cache revalidated)
240 http fetch GET 200 https://registry.npmjs.org/bytes 210ms (cache revalidated)
241 http fetch GET 200 https://registry.npmjs.org/destroy 214ms (cache revalidated)
242 http fetch GET 200 https://registry.npmjs.org/raw-body 211ms (cache revalidated)
243 http fetch GET 200 https://registry.npmjs.org/unpipe 210ms (cache revalidated)
244 http fetch GET 200 https://registry.npmjs.org/unpipe 205ms (cache revalidated)
245 http fetch GET 200 https://registry.npmjs.org/inherits 204ms (cache revalidated)
246 http fetch GET 200 https://registry.npmjs.org/ms 207ms (cache revalidated)
247 http fetch GET 200 https://registry.npmjs.org/toidentifier 211ms (cache revalidated)
248 http fetch GET 200 https://registry.npmjs.org/iconv-lite 223ms (cache revalidated)
249 http fetch GET 200 https://registry.npmjs.org/side-channel 210ms (cache revalidated)
250 http fetch GET 200 https://registry.npmjs.org/ee-first 214ms (cache revalidated)
251 http fetch GET 200 https://registry.npmjs.org/forwarded 215ms (cache revalidated)
252 http fetch GET 200 https://registry.npmjs.org/ms 207ms (cache revalidated)
253 http fetch GET 200 https://registry.npmjs.org/mime 213ms (cache revalidated)
254 http fetch GET 200 https://registry.npmjs.org/media-typer 209ms (cache revalidated)
255 http fetch GET 200 https://registry.npmjs.org/mime-types 208ms (cache revalidated)
256 http fetch GET 200 https://registry.npmjs.org/ipaddr.js 221ms (cache updated)
257 timing idealTree:node_modules/express Completed in 347ms
258 silly placeDep ROOT mime-types@2.1.35 OK for: accepts@1.3.8 want: ~2.1.34
259 silly placeDep ROOT negotiator@0.6.3 OK for: accepts@1.3.8 want: 0.6.3
260 silly fetch manifest mime-db@1.52.0
261 http fetch GET 200 https://registry.npmjs.org/mime-db 38ms (cache revalidated)
262 timing idealTree:node_modules/accepts Completed in 44ms
263 timing idealTree:node_modules/array-flatten Completed in 0ms
264 silly placeDep ROOT bytes@3.1.2 OK for: body-parser@1.20.2 want: 3.1.2
265 silly placeDep ROOT destroy@1.2.0 OK for: body-parser@1.20.2 want: 1.2.0
266 silly placeDep ROOT iconv-lite@0.4.24 OK for: body-parser@1.20.2 want: 0.4.24
267 silly placeDep ROOT raw-body@2.5.2 OK for: body-parser@1.20.2 want: 2.5.2
268 silly placeDep ROOT unpipe@1.0.0 OK for: body-parser@1.20.2 want: 1.0.0
269 silly fetch manifest safer-buffer@>= 2.1.2 < 3
270 http fetch GET 200 https://registry.npmjs.org/safer-buffer 39ms (cache revalidated)
271 timing idealTree:node_modules/body-parser Completed in 53ms
272 timing idealTree:node_modules/bytes Completed in 0ms
273 timing idealTree:node_modules/content-disposition Completed in 0ms
274 timing idealTree:node_modules/content-type Completed in 0ms
275 timing idealTree:node_modules/cookie Completed in 0ms
276 timing idealTree:node_modules/cookie-signature Completed in 0ms
277 silly placeDep ROOT ms@2.0.0 OK for: debug@2.6.9 want: 2.0.0
278 timing idealTree:node_modules/debug Completed in 10ms
279 timing idealTree:node_modules/depd Completed in 0ms
280 timing idealTree:node_modules/destroy Completed in 0ms
281 timing idealTree:node_modules/encodeurl Completed in 0ms
282 timing idealTree:node_modules/escape-html Completed in 0ms
283 timing idealTree:node_modules/etag Completed in 0ms
284 timing idealTree:node_modules/finalhandler Completed in 0ms
285 timing idealTree:node_modules/fresh Completed in 0ms
286 silly placeDep ROOT inherits@2.0.4 OK for: http-errors@2.0.0 want: 2.0.4
287 silly placeDep ROOT toidentifier@1.0.1 OK for: http-errors@2.0.0 want: 1.0.1
288 timing idealTree:node_modules/http-errors Completed in 4ms
289 silly placeDep ROOT agent-base@6.0.2 OK for: https-proxy-agent@5.0.1 want: 6
290 silly placeDep node_modules/https-proxy-agent debug@4.3.4 OK for: https-proxy-agent@5.0.1 want: 4
291 silly fetch manifest ms@2.1.2
292 timing idealTree:node_modules/https-proxy-agent Completed in 13ms
293 silly placeDep node_modules/agent-base debug@4.3.4 OK for: agent-base@6.0.2 want: 4
294 timing idealTree:node_modules/agent-base Completed in 3ms
295 silly placeDep ROOT safer-buffer@2.1.2 OK for: iconv-lite@0.4.24 want: >= 2.1.2 < 3
296 timing idealTree:node_modules/iconv-lite Completed in 2ms
297 timing idealTree:node_modules/inherits Completed in 0ms
298 silly placeDep node_modules/make-dir semver@6.3.1 OK for: make-dir@3.1.0 want: ^6.0.0
299 timing idealTree:node_modules/make-dir Completed in 3ms
300 timing idealTree:node_modules/merge-descriptors Completed in 0ms
301 timing idealTree:node_modules/methods Completed in 0ms
302 silly placeDep ROOT mime-db@1.52.0 OK for: mime-types@2.1.35 want: 1.52.0
303 timing idealTree:node_modules/mime-types Completed in 2ms
304 timing idealTree:node_modules/mime-db Completed in 0ms
305 timing idealTree:node_modules/ms Completed in 0ms
306 timing idealTree:node_modules/negotiator Completed in 0ms
307 timing idealTree:node_modules/node-addon-api Completed in 0ms
308 silly placeDep ROOT whatwg-url@5.0.0 OK for: node-fetch@2.7.0 want: ^5.0.0
309 silly fetch manifest tr46@~0.0.3
310 silly fetch manifest webidl-conversions@^3.0.0
311 http fetch GET 200 https://registry.npmjs.org/tr46 44ms (cache revalidated)
312 http fetch GET 200 https://registry.npmjs.org/webidl-conversions 44ms (cache revalidated)
313 timing idealTree:node_modules/node-fetch Completed in 53ms
314 silly placeDep ROOT abbrev@1.1.1 OK for: nopt@5.0.0 want: 1
315 timing idealTree:node_modules/nopt Completed in 2ms
316 timing idealTree:node_modules/abbrev Completed in 0ms
317 silly placeDep ROOT are-we-there-yet@2.0.0 OK for: npmlog@5.0.1 want: ^2.0.0
318 silly placeDep ROOT console-control-strings@1.1.0 OK for: npmlog@5.0.1 want: ^1.1.0
319 silly placeDep ROOT gauge@3.0.2 OK for: npmlog@5.0.1 want: ^3.0.0
320 silly placeDep ROOT set-blocking@2.0.0 OK for: npmlog@5.0.1 want: ^2.0.0
321 silly fetch manifest delegates@^1.0.0
322 silly fetch manifest readable-stream@^3.6.0
323 silly fetch manifest aproba@^1.0.3 || ^2.0.0
324 silly fetch manifest color-support@^1.1.2
325 silly fetch manifest has-unicode@^2.0.1
326 silly fetch manifest object-assign@^4.1.1
327 silly fetch manifest signal-exit@^3.0.0
328 silly fetch manifest string-width@^4.2.3
329 silly fetch manifest strip-ansi@^6.0.1
330 silly fetch manifest wide-align@^1.1.2
331 http fetch GET 200 https://registry.npmjs.org/delegates 189ms (cache revalidated)
332 http fetch GET 200 https://registry.npmjs.org/color-support 177ms (cache revalidated)
333 http fetch GET 200 https://registry.npmjs.org/readable-stream 190ms (cache revalidated)
334 http fetch GET 200 https://registry.npmjs.org/aproba 185ms (cache revalidated)
335 http fetch GET 200 https://registry.npmjs.org/has-unicode 174ms (cache revalidated)
336 http fetch GET 200 https://registry.npmjs.org/object-assign 174ms (cache revalidated)
337 http fetch GET 200 https://registry.npmjs.org/signal-exit 173ms (cache revalidated)
338 http fetch GET 200 https://registry.npmjs.org/string-width 163ms (cache revalidated)
339 http fetch GET 200 https://registry.npmjs.org/strip-ansi 167ms (cache revalidated)
340 http fetch GET 200 https://registry.npmjs.org/wide-align 168ms (cache revalidated)
341 timing idealTree:node_modules/npmlog Completed in 242ms
342 silly placeDep ROOT delegates@1.0.0 OK for: are-we-there-yet@2.0.0 want: ^1.0.0
343 silly placeDep ROOT readable-stream@3.6.2 OK for: are-we-there-yet@2.0.0 want: ^3.6.0
344 silly fetch manifest string_decoder@^1.1.1
345 silly fetch manifest util-deprecate@^1.0.1
346 http fetch GET 200 https://registry.npmjs.org/util-deprecate 34ms (cache revalidated)
347 http fetch GET 200 https://registry.npmjs.org/string_decoder 42ms (cache revalidated)
348 timing idealTree:node_modules/are-we-there-yet Completed in 52ms
349 timing idealTree:node_modules/console-control-strings Completed in 0ms
350 timing idealTree:node_modules/delegates Completed in 0ms
351 silly placeDep ROOT aproba@2.0.0 OK for: gauge@3.0.2 want: ^1.0.3 || ^2.0.0
352 silly placeDep ROOT color-support@1.1.3 OK for: gauge@3.0.2 want: ^1.1.2
353 silly placeDep ROOT has-unicode@2.0.1 OK for: gauge@3.0.2 want: ^2.0.1
354 silly placeDep ROOT object-assign@4.1.1 OK for: gauge@3.0.2 want: ^4.1.1
355 silly placeDep ROOT signal-exit@3.0.7 OK for: gauge@3.0.2 want: ^3.0.0
356 silly placeDep ROOT string-width@4.2.3 OK for: gauge@3.0.2 want: ^4.2.3
357 silly placeDep ROOT strip-ansi@6.0.1 OK for: gauge@3.0.2 want: ^6.0.1
358 silly placeDep ROOT wide-align@1.1.5 OK for: gauge@3.0.2 want: ^1.1.2
359 silly fetch manifest emoji-regex@^8.0.0
360 silly fetch manifest is-fullwidth-code-point@^3.0.0
361 silly fetch manifest ansi-regex@^5.0.1
362 http fetch GET 200 https://registry.npmjs.org/ansi-regex 53ms (cache revalidated)
363 http fetch GET 200 https://registry.npmjs.org/is-fullwidth-code-point 65ms (cache revalidated)
364 http fetch GET 200 https://registry.npmjs.org/emoji-regex 69ms (cache revalidated)
365 timing idealTree:node_modules/gauge Completed in 121ms
366 timing idealTree:node_modules/aproba Completed in 0ms
367 timing idealTree:node_modules/color-support Completed in 0ms
368 timing idealTree:node_modules/has-unicode Completed in 0ms
369 timing idealTree:node_modules/object-assign Completed in 0ms
370 silly placeDep ROOT ee-first@1.1.1 OK for: on-finished@2.4.1 want: 1.1.1
371 timing idealTree:node_modules/on-finished Completed in 2ms
372 timing idealTree:node_modules/ee-first Completed in 0ms
373 timing idealTree:node_modules/parseurl Completed in 0ms
374 timing idealTree:node_modules/path-to-regexp Completed in 0ms
375 silly placeDep ROOT forwarded@0.2.0 OK for: proxy-addr@2.0.7 want: 0.2.0
376 silly placeDep ROOT ipaddr.js@1.9.1 OK for: proxy-addr@2.0.7 want: 1.9.1
377 timing idealTree:node_modules/proxy-addr Completed in 7ms
378 timing idealTree:node_modules/forwarded Completed in 0ms
379 timing idealTree:node_modules/ipaddr.js Completed in 0ms
380 silly placeDep ROOT side-channel@1.0.6 OK for: qs@6.11.0 want: ^1.0.4
381 silly fetch manifest call-bind@^1.0.7
382 silly fetch manifest es-errors@^1.3.0
383 silly fetch manifest get-intrinsic@^1.2.4
384 silly fetch manifest object-inspect@^1.13.1
385 http fetch GET 200 https://registry.npmjs.org/call-bind 50ms (cache revalidated)
386 http fetch GET 200 https://registry.npmjs.org/get-intrinsic 51ms (cache revalidated)
387 http fetch GET 200 https://registry.npmjs.org/object-inspect 51ms (cache revalidated)
388 http fetch GET 200 https://registry.npmjs.org/es-errors 61ms (cache revalidated)
389 timing idealTree:node_modules/qs Completed in 78ms
390 timing idealTree:node_modules/range-parser Completed in 0ms
391 timing idealTree:node_modules/raw-body Completed in 0ms
392 silly placeDep ROOT string_decoder@1.3.0 OK for: readable-stream@3.6.2 want: ^1.1.1
393 silly placeDep ROOT util-deprecate@1.0.2 OK for: readable-stream@3.6.2 want: ^1.0.1
394 timing idealTree:node_modules/readable-stream Completed in 4ms
395 silly placeDep ROOT glob@7.2.3 OK for: rimraf@3.0.2 want: ^7.1.3
396 silly fetch manifest fs.realpath@^1.0.0
397 silly fetch manifest inflight@^1.0.4
398 silly fetch manifest minimatch@^3.1.1
399 silly fetch manifest once@^1.3.0
400 silly fetch manifest path-is-absolute@^1.0.0
401 http fetch GET 200 https://registry.npmjs.org/fs.realpath 93ms (cache revalidated)
402 http fetch GET 200 https://registry.npmjs.org/minimatch 87ms (cache revalidated)
403 http fetch GET 200 https://registry.npmjs.org/once 80ms (cache revalidated)
404 http fetch GET 200 https://registry.npmjs.org/path-is-absolute 80ms (cache revalidated)
405 http fetch GET 200 https://registry.npmjs.org/inflight 102ms (cache updated)
406 timing idealTree:node_modules/rimraf Completed in 108ms
407 silly placeDep ROOT fs.realpath@1.0.0 OK for: glob@7.2.3 want: ^1.0.0
408 silly placeDep ROOT inflight@1.0.6 OK for: glob@7.2.3 want: ^1.0.4
409 silly placeDep ROOT minimatch@3.1.2 OK for: glob@7.2.3 want: ^3.1.1
410 silly placeDep ROOT once@1.4.0 OK for: glob@7.2.3 want: ^1.3.0
411 silly placeDep ROOT path-is-absolute@1.0.1 OK for: glob@7.2.3 want: ^1.0.0
412 silly fetch manifest wrappy@1
413 silly fetch manifest brace-expansion@^1.1.7
414 http fetch GET 200 https://registry.npmjs.org/brace-expansion 115ms (cache revalidated)
415 http fetch GET 200 https://registry.npmjs.org/wrappy 124ms (cache revalidated)
416 timing idealTree:node_modules/glob Completed in 134ms
417 timing idealTree:node_modules/fs.realpath Completed in 0ms
418 silly placeDep ROOT wrappy@1.0.2 OK for: inflight@1.0.6 want: 1
419 timing idealTree:node_modules/inflight Completed in 3ms
420 silly placeDep ROOT brace-expansion@1.1.11 OK for: minimatch@3.1.2 want: ^1.1.7
421 silly fetch manifest balanced-match@^1.0.0
422 silly fetch manifest concat-map@0.0.1
423 http fetch GET 200 https://registry.npmjs.org/concat-map 39ms (cache revalidated)
424 http fetch GET 200 https://registry.npmjs.org/balanced-match 45ms (cache revalidated)
425 timing idealTree:node_modules/minimatch Completed in 51ms
426 silly placeDep ROOT balanced-match@1.0.2 OK for: brace-expansion@1.1.11 want: ^1.0.0
427 silly placeDep ROOT concat-map@0.0.1 OK for: brace-expansion@1.1.11 want: 0.0.1
428 timing idealTree:node_modules/brace-expansion Completed in 8ms
429 timing idealTree:node_modules/balanced-match Completed in 0ms
430 timing idealTree:node_modules/concat-map Completed in 0ms
431 timing idealTree:node_modules/once Completed in 0ms
432 timing idealTree:node_modules/path-is-absolute Completed in 0ms
433 timing idealTree:node_modules/safe-buffer Completed in 0ms
434 timing idealTree:node_modules/safer-buffer Completed in 0ms
435 silly placeDep ROOT lru-cache@6.0.0 OK for: semver@7.6.0 want: ^6.0.0
436 timing idealTree:node_modules/semver Completed in 2ms
437 silly placeDep ROOT yallist@4.0.0 OK for: lru-cache@6.0.0 want: ^4.0.0
438 timing idealTree:node_modules/lru-cache Completed in 2ms
439 silly placeDep ROOT mime@1.6.0 OK for: send@0.18.0 want: 1.6.0
440 silly placeDep node_modules/send ms@2.1.3 OK for: send@0.18.0 want: 2.1.3
441 timing idealTree:node_modules/send Completed in 5ms
442 timing idealTree:node_modules/mime Completed in 0ms
443 timing idealTree:node_modules/serve-static Completed in 0ms
444 timing idealTree:node_modules/set-blocking Completed in 0ms
445 timing idealTree:node_modules/setprototypeof Completed in 0ms
446 silly placeDep ROOT call-bind@1.0.7 OK for: side-channel@1.0.6 want: ^1.0.7
447 silly placeDep ROOT es-errors@1.3.0 OK for: side-channel@1.0.6 want: ^1.3.0
448 silly placeDep ROOT get-intrinsic@1.2.4 OK for: side-channel@1.0.6 want: ^1.2.4
449 silly placeDep ROOT object-inspect@1.13.1 OK for: side-channel@1.0.6 want: ^1.13.1
450 silly fetch manifest es-define-property@^1.0.0
451 silly fetch manifest function-bind@^1.1.2
452 silly fetch manifest set-function-length@^1.2.1
453 silly fetch manifest has-proto@^1.0.1
454 silly fetch manifest has-symbols@^1.0.3
455 silly fetch manifest hasown@^2.0.0
456 http fetch GET 200 https://registry.npmjs.org/function-bind 69ms (cache revalidated)
457 http fetch GET 200 https://registry.npmjs.org/es-define-property 73ms (cache revalidated)
458 http fetch GET 200 https://registry.npmjs.org/set-function-length 73ms (cache revalidated)
459 http fetch GET 200 https://registry.npmjs.org/has-proto 75ms (cache revalidated)
460 http fetch GET 200 https://registry.npmjs.org/has-symbols 72ms (cache revalidated)
461 http fetch GET 200 https://registry.npmjs.org/hasown 75ms (cache revalidated)
462 timing idealTree:node_modules/side-channel Completed in 95ms
463 silly placeDep ROOT es-define-property@1.0.0 OK for: call-bind@1.0.7 want: ^1.0.0
464 silly placeDep ROOT function-bind@1.1.2 OK for: call-bind@1.0.7 want: ^1.1.2
465 silly placeDep ROOT set-function-length@1.2.2 OK for: call-bind@1.0.7 want: ^1.2.1
466 silly fetch manifest define-data-property@^1.1.4
467 silly fetch manifest gopd@^1.0.1
468 silly fetch manifest has-property-descriptors@^1.0.2
469 http fetch GET 200 https://registry.npmjs.org/define-data-property 77ms (cache revalidated)
470 http fetch GET 200 https://registry.npmjs.org/has-property-descriptors 75ms (cache revalidated)
471 http fetch GET 200 https://registry.npmjs.org/gopd 83ms (cache revalidated)
472 timing idealTree:node_modules/call-bind Completed in 99ms
473 timing idealTree:node_modules/es-define-property Completed in 1ms
474 timing idealTree:node_modules/es-errors Completed in 0ms
475 timing idealTree:node_modules/function-bind Completed in 0ms
476 silly placeDep ROOT has-proto@1.0.3 OK for: get-intrinsic@1.2.4 want: ^1.0.1
477 silly placeDep ROOT has-symbols@1.0.3 OK for: get-intrinsic@1.2.4 want: ^1.0.3
478 silly placeDep ROOT hasown@2.0.2 OK for: get-intrinsic@1.2.4 want: ^2.0.0
479 timing idealTree:node_modules/get-intrinsic Completed in 5ms
480 timing idealTree:node_modules/has-proto Completed in 0ms
481 timing idealTree:node_modules/has-symbols Completed in 0ms
482 timing idealTree:node_modules/hasown Completed in 0ms
483 timing idealTree:node_modules/object-inspect Completed in 0ms
484 silly placeDep ROOT define-data-property@1.1.4 OK for: set-function-length@1.2.2 want: ^1.1.4
485 silly placeDep ROOT gopd@1.0.1 OK for: set-function-length@1.2.2 want: ^1.0.1
486 silly placeDep ROOT has-property-descriptors@1.0.2 OK for: set-function-length@1.2.2 want: ^1.0.2
487 timing idealTree:node_modules/set-function-length Completed in 6ms
488 timing idealTree:node_modules/define-data-property Completed in 0ms
489 timing idealTree:node_modules/gopd Completed in 0ms
490 timing idealTree:node_modules/has-property-descriptors Completed in 0ms
491 timing idealTree:node_modules/signal-exit Completed in 0ms
492 silly placeDep ROOT bindings@1.5.0 OK for: sqlite3@5.1.7 want: ^1.5.0
493 silly placeDep node_modules/sqlite3 node-addon-api@7.1.0 OK for: sqlite3@5.1.7 want: ^7.0.0
494 silly placeDep ROOT node-gyp@8.4.1 OK for: sqlite3@5.1.7 want: 8.x
495 silly placeDep ROOT prebuild-install@7.1.2 OK for: sqlite3@5.1.7 want: ^7.1.1
496 silly fetch manifest file-uri-to-path@1.0.0
497 silly fetch manifest env-paths@^2.2.0
498 silly fetch manifest graceful-fs@^4.2.6
499 silly fetch manifest make-fetch-happen@^9.1.0
500 silly fetch manifest npmlog@^6.0.0
501 silly fetch manifest which@^2.0.2
502 silly fetch manifest expand-template@^2.0.3
503 silly fetch manifest github-from-package@0.0.0
504 silly fetch manifest minimist@^1.2.3
505 silly fetch manifest mkdirp-classic@^0.5.3
506 silly fetch manifest napi-build-utils@^1.0.1
507 silly fetch manifest node-abi@^3.3.0
508 silly fetch manifest pump@^3.0.0
509 silly fetch manifest rc@^1.2.7
510 silly fetch manifest simple-get@^4.0.0
511 silly fetch manifest tar-fs@^2.0.0
512 silly fetch manifest tunnel-agent@^0.6.0
513 http fetch GET 200 https://registry.npmjs.org/file-uri-to-path 238ms (cache revalidated)
514 http fetch GET 200 https://registry.npmjs.org/env-paths 238ms (cache revalidated)
515 http fetch GET 200 https://registry.npmjs.org/graceful-fs 238ms (cache revalidated)
516 http fetch GET 200 https://registry.npmjs.org/make-fetch-happen 239ms (cache revalidated)
517 http fetch GET 200 https://registry.npmjs.org/minimist 243ms (cache revalidated)
518 http fetch GET 200 https://registry.npmjs.org/github-from-package 246ms (cache revalidated)
519 http fetch GET 200 https://registry.npmjs.org/napi-build-utils 243ms (cache revalidated)
520 http fetch GET 200 https://registry.npmjs.org/mkdirp-classic 246ms (cache revalidated)
521 http fetch GET 200 https://registry.npmjs.org/pump 248ms (cache revalidated)
522 http fetch GET 200 https://registry.npmjs.org/rc 248ms (cache revalidated)
523 http fetch GET 200 https://registry.npmjs.org/simple-get 253ms (cache revalidated)
524 http fetch GET 200 https://registry.npmjs.org/tar-fs 254ms (cache revalidated)
525 http fetch GET 200 https://registry.npmjs.org/tunnel-agent 261ms (cache revalidated)
526 http fetch GET 200 https://registry.npmjs.org/expand-template 273ms (cache revalidated)
527 http fetch GET 200 https://registry.npmjs.org/which 279ms (cache updated)
528 http fetch GET 200 https://registry.npmjs.org/node-abi 282ms (cache updated)
529 timing idealTree:node_modules/sqlite3 Completed in 320ms
530 silly placeDep ROOT file-uri-to-path@1.0.0 OK for: bindings@1.5.0 want: 1.0.0
531 timing idealTree:node_modules/bindings Completed in 2ms
532 timing idealTree:node_modules/file-uri-to-path Completed in 0ms
533 silly placeDep ROOT env-paths@2.2.1 OK for: node-gyp@8.4.1 want: ^2.2.0
534 silly placeDep ROOT graceful-fs@4.2.11 OK for: node-gyp@8.4.1 want: ^4.2.6
535 silly placeDep ROOT make-fetch-happen@9.1.0 OK for: node-gyp@8.4.1 want: ^9.1.0
536 silly placeDep node_modules/node-gyp npmlog@6.0.2 OK for: node-gyp@8.4.1 want: ^6.0.0
537 silly placeDep ROOT which@2.0.2 OK for: node-gyp@8.4.1 want: ^2.0.2
538 silly fetch manifest agentkeepalive@^4.1.3
539 silly fetch manifest cacache@^15.2.0
540 silly fetch manifest http-cache-semantics@^4.1.0
541 silly fetch manifest http-proxy-agent@^4.0.1
542 silly fetch manifest is-lambda@^1.0.1
543 silly fetch manifest minipass@^3.1.3
544 silly fetch manifest minipass-collect@^1.0.2
545 silly fetch manifest minipass-fetch@^1.3.2
546 silly fetch manifest minipass-flush@^1.0.5
547 silly fetch manifest minipass-pipeline@^1.2.4
548 silly fetch manifest promise-retry@^2.0.1
549 silly fetch manifest socks-proxy-agent@^6.0.0
550 silly fetch manifest ssri@^8.0.0
551 silly fetch manifest are-we-there-yet@^3.0.0
552 silly fetch manifest gauge@^4.0.3
553 silly fetch manifest isexe@^2.0.0
554 http fetch GET 200 https://registry.npmjs.org/agentkeepalive 123ms (cache revalidated)
555 http fetch GET 200 https://registry.npmjs.org/http-cache-semantics 122ms (cache revalidated)
556 http fetch GET 200 https://registry.npmjs.org/is-lambda 195ms (cache revalidated)
557 http fetch GET 200 https://registry.npmjs.org/http-proxy-agent 213ms (cache revalidated)
558 http fetch GET 200 https://registry.npmjs.org/cacache 223ms (cache revalidated)
559 http fetch GET 200 https://registry.npmjs.org/minipass-pipeline 212ms (cache revalidated)
560 http fetch GET 200 https://registry.npmjs.org/minipass-collect 222ms (cache revalidated)
561 http fetch GET 200 https://registry.npmjs.org/minipass-flush 224ms (cache revalidated)
562 http fetch GET 200 https://registry.npmjs.org/promise-retry 223ms (cache revalidated)
563 http fetch GET 200 https://registry.npmjs.org/ssri 223ms (cache revalidated)
564 http fetch GET 200 https://registry.npmjs.org/socks-proxy-agent 227ms (cache revalidated)
565 http fetch GET 200 https://registry.npmjs.org/isexe 213ms (cache revalidated)
566 http fetch GET 200 https://registry.npmjs.org/minipass-fetch 235ms (cache updated)
567 timing idealTree:node_modules/node-gyp Completed in 267ms
568 timing idealTree:node_modules/env-paths Completed in 0ms
569 timing idealTree:node_modules/graceful-fs Completed in 0ms
570 silly placeDep ROOT agentkeepalive@4.5.0 OK for: make-fetch-happen@9.1.0 want: ^4.1.3
571 silly placeDep ROOT cacache@15.3.0 OK for: make-fetch-happen@9.1.0 want: ^15.2.0
572 silly placeDep ROOT http-cache-semantics@4.1.1 OK for: make-fetch-happen@9.1.0 want: ^4.1.0
573 silly placeDep ROOT http-proxy-agent@4.0.1 OK for: make-fetch-happen@9.1.0 want: ^4.0.1
574 silly placeDep ROOT is-lambda@1.0.1 OK for: make-fetch-happen@9.1.0 want: ^1.0.1
575 silly placeDep ROOT minipass@3.3.6 OK for: make-fetch-happen@9.1.0 want: ^3.1.3
576 silly placeDep ROOT minipass-collect@1.0.2 OK for: make-fetch-happen@9.1.0 want: ^1.0.2
577 silly placeDep ROOT minipass-fetch@1.4.1 OK for: make-fetch-happen@9.1.0 want: ^1.3.2
578 silly placeDep ROOT minipass-flush@1.0.5 OK for: make-fetch-happen@9.1.0 want: ^1.0.5
579 silly placeDep ROOT minipass-pipeline@1.2.4 OK for: make-fetch-happen@9.1.0 want: ^1.2.4
580 silly placeDep ROOT promise-retry@2.0.1 OK for: make-fetch-happen@9.1.0 want: ^2.0.1
581 silly placeDep ROOT socks-proxy-agent@6.2.1 OK for: make-fetch-happen@9.1.0 want: ^6.0.0
582 silly placeDep ROOT ssri@8.0.1 OK for: make-fetch-happen@9.1.0 want: ^8.0.0
583 silly fetch manifest humanize-ms@^1.2.1
584 silly fetch manifest @npmcli/fs@^1.0.0
585 silly fetch manifest @npmcli/move-file@^1.0.1
586 silly fetch manifest infer-owner@^1.0.4
587 silly fetch manifest p-map@^4.0.0
588 silly fetch manifest promise-inflight@^1.0.1
589 silly fetch manifest unique-filename@^1.1.1
590 silly fetch manifest @tootallnate/once@1
591 silly fetch manifest minipass-sized@^1.0.3
592 silly fetch manifest minizlib@^2.0.0
593 silly fetch manifest encoding@^0.1.12
594 silly fetch manifest err-code@^2.0.2
595 silly fetch manifest retry@^0.12.0
596 silly fetch manifest debug@^4.3.3
597 silly fetch manifest socks@^2.6.2
598 http fetch GET 200 https://registry.npmjs.org/humanize-ms 153ms (cache revalidated)
599 http fetch GET 200 https://registry.npmjs.org/minipass-sized 141ms (cache revalidated)
600 http fetch GET 200 https://registry.npmjs.org/p-map 148ms (cache revalidated)
601 http fetch GET 200 https://registry.npmjs.org/retry 140ms (cache revalidated)
602 http fetch GET 200 https://registry.npmjs.org/promise-inflight 150ms (cache revalidated)
603 http fetch GET 200 https://registry.npmjs.org/err-code 144ms (cache revalidated)
604 http fetch GET 200 https://registry.npmjs.org/unique-filename 151ms (cache revalidated)
605 http fetch GET 200 https://registry.npmjs.org/socks 143ms (cache revalidated)
606 http fetch GET 200 https://registry.npmjs.org/@npmcli%2fmove-file 161ms (cache revalidated)
607 http fetch GET 200 https://registry.npmjs.org/@tootallnate%2fonce 159ms (cache revalidated)
608 http fetch GET 200 https://registry.npmjs.org/@npmcli%2ffs 169ms (cache revalidated)
609 http fetch GET 200 https://registry.npmjs.org/infer-owner 169ms (cache updated)
610 timing idealTree:node_modules/make-fetch-happen Completed in 207ms
611 silly placeDep ROOT humanize-ms@1.2.1 OK for: agentkeepalive@4.5.0 want: ^1.2.1
612 timing idealTree:node_modules/agentkeepalive Completed in 3ms
613 silly placeDep ROOT @npmcli/fs@1.1.1 OK for: cacache@15.3.0 want: ^1.0.0
614 silly placeDep ROOT @npmcli/move-file@1.1.2 OK for: cacache@15.3.0 want: ^1.0.1
615 silly placeDep ROOT chownr@2.0.0 OK for: cacache@15.3.0 want: ^2.0.0
616 silly placeDep ROOT fs-minipass@2.1.0 OK for: cacache@15.3.0 want: ^2.0.0
617 silly placeDep ROOT infer-owner@1.0.4 OK for: cacache@15.3.0 want: ^1.0.4
618 silly placeDep ROOT mkdirp@1.0.4 OK for: cacache@15.3.0 want: ^1.0.3
619 silly placeDep ROOT p-map@4.0.0 OK for: cacache@15.3.0 want: ^4.0.0
620 silly placeDep ROOT promise-inflight@1.0.1 OK for: cacache@15.3.0 want: ^1.0.1
621 silly placeDep ROOT unique-filename@1.1.1 OK for: cacache@15.3.0 want: ^1.1.1
622 silly fetch manifest @gar/promisify@^1.0.1
623 silly fetch manifest aggregate-error@^3.0.0
624 silly fetch manifest unique-slug@^2.0.0
625 http fetch GET 200 https://registry.npmjs.org/aggregate-error 46ms (cache revalidated)
626 http fetch GET 200 https://registry.npmjs.org/unique-slug 46ms (cache revalidated)
627 http fetch GET 200 https://registry.npmjs.org/@gar%2fpromisify 74ms (cache revalidated)
628 timing idealTree:node_modules/cacache Completed in 91ms
629 silly placeDep ROOT @gar/promisify@1.1.3 OK for: @npmcli/fs@1.1.1 want: ^1.0.1
630 timing idealTree:node_modules/@npmcli/fs Completed in 3ms
631 timing idealTree:node_modules/@gar/promisify Completed in 0ms
632 timing idealTree:node_modules/@npmcli/move-file Completed in 0ms
633 timing idealTree:node_modules/chownr Completed in 0ms
634 timing idealTree:node_modules/fs-minipass Completed in 0ms
635 timing idealTree:node_modules/http-cache-semantics Completed in 0ms
636 silly placeDep ROOT @tootallnate/once@1.1.2 OK for: http-proxy-agent@4.0.1 want: 1
637 silly placeDep node_modules/http-proxy-agent debug@4.3.4 OK for: http-proxy-agent@4.0.1 want: 4
638 timing idealTree:node_modules/http-proxy-agent Completed in 9ms
639 timing idealTree:node_modules/@tootallnate/once Completed in 0ms
640 timing idealTree:node_modules/humanize-ms Completed in 0ms
641 timing idealTree:node_modules/infer-owner Completed in 0ms
642 timing idealTree:node_modules/is-lambda Completed in 0ms
643 timing idealTree:node_modules/minipass Completed in 0ms
644 timing idealTree:node_modules/minipass-collect Completed in 0ms
645 silly placeDep ROOT encoding@0.1.13 OK for: minipass-fetch@1.4.1 want: ^0.1.12
646 silly placeDep ROOT minipass-sized@1.0.3 OK for: minipass-fetch@1.4.1 want: ^1.0.3
647 silly placeDep ROOT minizlib@2.1.2 OK for: minipass-fetch@1.4.1 want: ^2.0.0
648 silly fetch manifest iconv-lite@^0.6.2
649 timing idealTree:node_modules/minipass-fetch Completed in 10ms
650 silly placeDep node_modules/encoding iconv-lite@0.6.3 OK for: encoding@0.1.13 want: ^0.6.2
651 timing idealTree:node_modules/encoding Completed in 3ms
652 timing idealTree:node_modules/minipass-flush Completed in 0ms
653 timing idealTree:node_modules/minipass-pipeline Completed in 0ms
654 timing idealTree:node_modules/minipass-sized Completed in 0ms
655 timing idealTree:node_modules/minizlib Completed in 0ms
656 timing idealTree:node_modules/mkdirp Completed in 0ms
657 silly placeDep ROOT aggregate-error@3.1.0 OK for: p-map@4.0.0 want: ^3.0.0
658 silly fetch manifest clean-stack@^2.0.0
659 silly fetch manifest indent-string@^4.0.0
660 http fetch GET 200 https://registry.npmjs.org/indent-string 41ms (cache revalidated)
661 http fetch GET 200 https://registry.npmjs.org/clean-stack 54ms (cache revalidated)
662 timing idealTree:node_modules/p-map Completed in 62ms
663 silly placeDep ROOT clean-stack@2.2.0 OK for: aggregate-error@3.1.0 want: ^2.0.0
664 silly placeDep ROOT indent-string@4.0.0 OK for: aggregate-error@3.1.0 want: ^4.0.0
665 timing idealTree:node_modules/aggregate-error Completed in 9ms
666 timing idealTree:node_modules/clean-stack Completed in 0ms
667 timing idealTree:node_modules/indent-string Completed in 0ms
668 silly placeDep ROOT expand-template@2.0.3 OK for: prebuild-install@7.1.2 want: ^2.0.3
669 silly placeDep ROOT github-from-package@0.0.0 OK for: prebuild-install@7.1.2 want: 0.0.0
670 silly placeDep ROOT minimist@1.2.8 OK for: prebuild-install@7.1.2 want: ^1.2.3
671 silly placeDep ROOT mkdirp-classic@0.5.3 OK for: prebuild-install@7.1.2 want: ^0.5.3
672 silly placeDep ROOT napi-build-utils@1.0.2 OK for: prebuild-install@7.1.2 want: ^1.0.1
673 silly placeDep ROOT node-abi@3.62.0 OK for: prebuild-install@7.1.2 want: ^3.3.0
674 silly placeDep ROOT pump@3.0.0 OK for: prebuild-install@7.1.2 want: ^3.0.0
675 silly placeDep ROOT rc@1.2.8 OK for: prebuild-install@7.1.2 want: ^1.2.7
676 silly placeDep ROOT simple-get@4.0.1 OK for: prebuild-install@7.1.2 want: ^4.0.0
677 silly placeDep ROOT tar-fs@2.1.1 OK for: prebuild-install@7.1.2 want: ^2.0.0
678 silly placeDep ROOT tunnel-agent@0.6.0 OK for: prebuild-install@7.1.2 want: ^0.6.0
679 silly fetch manifest end-of-stream@^1.1.0
680 silly fetch manifest deep-extend@^0.6.0
681 silly fetch manifest ini@~1.3.0
682 silly fetch manifest strip-json-comments@~2.0.1
683 silly fetch manifest decompress-response@^6.0.0
684 silly fetch manifest simple-concat@^1.0.0
685 silly fetch manifest chownr@^1.1.1
686 silly fetch manifest tar-stream@^2.1.4
687 http fetch GET 200 https://registry.npmjs.org/end-of-stream 211ms (cache revalidated)
688 http fetch GET 200 https://registry.npmjs.org/strip-json-comments 203ms (cache revalidated)
689 http fetch GET 200 https://registry.npmjs.org/deep-extend 207ms (cache revalidated)
690 http fetch GET 200 https://registry.npmjs.org/simple-concat 194ms (cache revalidated)
691 http fetch GET 200 https://registry.npmjs.org/tar-stream 193ms (cache revalidated)
692 http fetch GET 200 https://registry.npmjs.org/decompress-response 208ms (cache revalidated)
693 http fetch GET 200 https://registry.npmjs.org/ini 214ms (cache updated)
694 timing idealTree:node_modules/prebuild-install Completed in 281ms
695 timing idealTree:node_modules/expand-template Completed in 0ms
696 timing idealTree:node_modules/github-from-package Completed in 0ms
697 timing idealTree:node_modules/minimist Completed in 0ms
698 timing idealTree:node_modules/mkdirp-classic Completed in 0ms
699 timing idealTree:node_modules/napi-build-utils Completed in 0ms
700 timing idealTree:node_modules/node-abi Completed in 0ms
701 timing idealTree:node_modules/promise-inflight Completed in 0ms
702 silly placeDep ROOT err-code@2.0.3 OK for: promise-retry@2.0.1 want: ^2.0.2
703 silly placeDep ROOT retry@0.12.0 OK for: promise-retry@2.0.1 want: ^0.12.0
704 timing idealTree:node_modules/promise-retry Completed in 5ms
705 timing idealTree:node_modules/err-code Completed in 0ms
706 silly placeDep ROOT end-of-stream@1.4.4 OK for: pump@3.0.0 want: ^1.1.0
707 timing idealTree:node_modules/pump Completed in 2ms
708 timing idealTree:node_modules/end-of-stream Completed in 0ms
709 silly placeDep ROOT deep-extend@0.6.0 OK for: rc@1.2.8 want: ^0.6.0
710 silly placeDep ROOT ini@1.3.8 OK for: rc@1.2.8 want: ~1.3.0
711 silly placeDep ROOT strip-json-comments@2.0.1 OK for: rc@1.2.8 want: ~2.0.1
712 timing idealTree:node_modules/rc Completed in 7ms
713 timing idealTree:node_modules/deep-extend Completed in 0ms
714 timing idealTree:node_modules/ini Completed in 0ms
715 timing idealTree:node_modules/retry Completed in 0ms
716 silly placeDep ROOT decompress-response@6.0.0 OK for: simple-get@4.0.1 want: ^6.0.0
717 silly placeDep ROOT simple-concat@1.0.1 OK for: simple-get@4.0.1 want: ^1.0.0
718 silly fetch manifest mimic-response@^3.1.0
719 http fetch GET 200 https://registry.npmjs.org/mimic-response 37ms (cache revalidated)
720 timing idealTree:node_modules/simple-get Completed in 47ms
721 silly placeDep ROOT mimic-response@3.1.0 OK for: decompress-response@6.0.0 want: ^3.1.0
722 timing idealTree:node_modules/decompress-response Completed in 2ms
723 timing idealTree:node_modules/mimic-response Completed in 0ms
724 timing idealTree:node_modules/simple-concat Completed in 0ms
725 silly placeDep node_modules/socks-proxy-agent debug@4.3.4 OK for: socks-proxy-agent@6.2.1 want: ^4.3.3
726 silly placeDep ROOT socks@2.8.3 OK for: socks-proxy-agent@6.2.1 want: ^2.6.2
727 silly fetch manifest ip-address@^9.0.5
728 silly fetch manifest smart-buffer@^4.2.0
729 http fetch GET 200 https://registry.npmjs.org/ip-address 45ms (cache revalidated)
730 http fetch GET 200 https://registry.npmjs.org/smart-buffer 63ms (cache revalidated)
731 timing idealTree:node_modules/socks-proxy-agent Completed in 83ms
732 silly placeDep ROOT ip-address@9.0.5 OK for: socks@2.8.3 want: ^9.0.5
733 silly placeDep ROOT smart-buffer@4.2.0 OK for: socks@2.8.3 want: ^4.2.0
734 silly fetch manifest jsbn@1.1.0
735 silly fetch manifest sprintf-js@^1.1.3
736 http fetch GET 200 https://registry.npmjs.org/jsbn 40ms (cache revalidated)
737 http fetch GET 200 https://registry.npmjs.org/sprintf-js 59ms (cache revalidated)
738 timing idealTree:node_modules/socks Completed in 76ms
739 silly placeDep ROOT jsbn@1.1.0 OK for: ip-address@9.0.5 want: 1.1.0
740 silly placeDep ROOT sprintf-js@1.1.3 OK for: ip-address@9.0.5 want: ^1.1.3
741 timing idealTree:node_modules/ip-address Completed in 4ms
742 timing idealTree:node_modules/jsbn Completed in 0ms
743 timing idealTree:node_modules/smart-buffer Completed in 0ms
744 timing idealTree:node_modules/sprintf-js Completed in 0ms
745 timing idealTree:node_modules/ssri Completed in 0ms
746 timing idealTree:node_modules/statuses Completed in 0ms
747 timing idealTree:node_modules/string_decoder Completed in 0ms
748 silly placeDep ROOT emoji-regex@8.0.0 OK for: string-width@4.2.3 want: ^8.0.0
749 silly placeDep ROOT is-fullwidth-code-point@3.0.0 OK for: string-width@4.2.3 want: ^3.0.0
750 timing idealTree:node_modules/string-width Completed in 9ms
751 timing idealTree:node_modules/emoji-regex Completed in 4ms
752 timing idealTree:node_modules/is-fullwidth-code-point Completed in 0ms
753 silly placeDep ROOT ansi-regex@5.0.1 OK for: strip-ansi@6.0.1 want: ^5.0.1
754 timing idealTree:node_modules/strip-ansi Completed in 2ms
755 timing idealTree:node_modules/ansi-regex Completed in 0ms
756 timing idealTree:node_modules/strip-json-comments Completed in 0ms
757 silly placeDep node_modules/tar minipass@5.0.0 OK for: tar@6.2.1 want: ^5.0.0
758 timing idealTree:node_modules/tar Completed in 7ms
759 silly placeDep node_modules/tar-fs chownr@1.1.4 OK for: tar-fs@2.1.1 want: ^1.1.1
760 silly placeDep ROOT tar-stream@2.2.0 OK for: tar-fs@2.1.1 want: ^2.1.4
761 silly fetch manifest bl@^4.0.3
762 silly fetch manifest fs-constants@^1.0.0
763 http fetch GET 200 https://registry.npmjs.org/bl 42ms (cache revalidated)
764 http fetch GET 200 https://registry.npmjs.org/fs-constants 51ms (cache revalidated)
765 timing idealTree:node_modules/tar-fs Completed in 71ms
766 silly placeDep ROOT bl@4.1.0 OK for: tar-stream@2.2.0 want: ^4.0.3
767 silly placeDep ROOT fs-constants@1.0.0 OK for: tar-stream@2.2.0 want: ^1.0.0
768 silly fetch manifest buffer@^5.5.0
769 http fetch GET 200 https://registry.npmjs.org/buffer 40ms (cache revalidated)
770 timing idealTree:node_modules/tar-stream Completed in 53ms
771 silly placeDep ROOT buffer@5.7.1 OK for: bl@4.1.0 want: ^5.5.0
772 silly fetch manifest base64-js@^1.3.1
773 silly fetch manifest ieee754@^1.1.13
774 http fetch GET 200 https://registry.npmjs.org/base64-js 54ms (cache revalidated)
775 http fetch GET 200 https://registry.npmjs.org/ieee754 49ms (cache revalidated)
776 timing idealTree:node_modules/bl Completed in 61ms
777 silly placeDep ROOT base64-js@1.5.1 OK for: buffer@5.7.1 want: ^1.3.1
778 silly placeDep ROOT ieee754@1.2.1 OK for: buffer@5.7.1 want: ^1.1.13
779 timing idealTree:node_modules/buffer Completed in 5ms
780 timing idealTree:node_modules/base64-js Completed in 0ms
781 timing idealTree:node_modules/fs-constants Completed in 0ms
782 timing idealTree:node_modules/ieee754 Completed in 0ms
783 timing idealTree:node_modules/toidentifier Completed in 0ms
784 timing idealTree:node_modules/tunnel-agent Completed in 0ms
785 silly placeDep ROOT media-typer@0.3.0 OK for: type-is@1.6.18 want: 0.3.0
786 timing idealTree:node_modules/type-is Completed in 2ms
787 timing idealTree:node_modules/media-typer Completed in 0ms
788 silly placeDep ROOT unique-slug@2.0.2 OK for: unique-filename@1.1.1 want: ^2.0.0
789 silly fetch manifest imurmurhash@^0.1.4
790 http fetch GET 200 https://registry.npmjs.org/imurmurhash 35ms (cache revalidated)
791 timing idealTree:node_modules/unique-filename Completed in 41ms
792 silly placeDep ROOT imurmurhash@0.1.4 OK for: unique-slug@2.0.2 want: ^0.1.4
793 timing idealTree:node_modules/unique-slug Completed in 2ms
794 timing idealTree:node_modules/imurmurhash Completed in 0ms
795 timing idealTree:node_modules/unpipe Completed in 0ms
796 timing idealTree:node_modules/util-deprecate Completed in 1ms
797 timing idealTree:node_modules/utils-merge Completed in 0ms
798 timing idealTree:node_modules/vary Completed in 0ms
799 silly placeDep ROOT tr46@0.0.3 OK for: whatwg-url@5.0.0 want: ~0.0.3
800 silly placeDep ROOT webidl-conversions@3.0.1 OK for: whatwg-url@5.0.0 want: ^3.0.0
801 timing idealTree:node_modules/whatwg-url Completed in 3ms
802 timing idealTree:node_modules/tr46 Completed in 0ms
803 timing idealTree:node_modules/webidl-conversions Completed in 0ms
804 silly placeDep ROOT isexe@2.0.0 OK for: which@2.0.2 want: ^2.0.0
805 timing idealTree:node_modules/which Completed in 2ms
806 timing idealTree:node_modules/isexe Completed in 0ms
807 timing idealTree:node_modules/wide-align Completed in 0ms
808 timing idealTree:node_modules/wrappy Completed in 0ms
809 timing idealTree:node_modules/yallist Completed in 0ms
810 silly placeDep node_modules/agent-base ms@2.1.2 OK for: debug@4.3.4 want: 2.1.2
811 timing idealTree:node_modules/agent-base/node_modules/debug Completed in 1ms
812 timing idealTree:node_modules/agent-base/node_modules/ms Completed in 0ms
813 timing idealTree:node_modules/encoding/node_modules/iconv-lite Completed in 0ms
814 silly placeDep node_modules/http-proxy-agent ms@2.1.2 OK for: debug@4.3.4 want: 2.1.2
815 timing idealTree:node_modules/http-proxy-agent/node_modules/debug Completed in 1ms
816 timing idealTree:node_modules/http-proxy-agent/node_modules/ms Completed in 0ms
817 silly placeDep node_modules/https-proxy-agent ms@2.1.2 OK for: debug@4.3.4 want: 2.1.2
818 timing idealTree:node_modules/https-proxy-agent/node_modules/debug Completed in 1ms
819 timing idealTree:node_modules/https-proxy-agent/node_modules/ms Completed in 1ms
820 timing idealTree:node_modules/make-dir/node_modules/semver Completed in 0ms
821 silly placeDep node_modules/node-gyp are-we-there-yet@3.0.1 OK for: npmlog@6.0.2 want: ^3.0.0
822 silly placeDep node_modules/node-gyp gauge@4.0.4 OK for: npmlog@6.0.2 want: ^4.0.3
823 timing idealTree:node_modules/node-gyp/node_modules/npmlog Completed in 13ms
824 timing idealTree:node_modules/node-gyp/node_modules/are-we-there-yet Completed in 0ms
825 timing idealTree:node_modules/node-gyp/node_modules/gauge Completed in 0ms
826 timing idealTree:node_modules/send/node_modules/ms Completed in 0ms
827 silly placeDep node_modules/socks-proxy-agent ms@2.1.2 OK for: debug@4.3.4 want: 2.1.2
828 timing idealTree:node_modules/socks-proxy-agent/node_modules/debug Completed in 8ms
829 timing idealTree:node_modules/socks-proxy-agent/node_modules/ms Completed in 0ms
830 timing idealTree:node_modules/sqlite3/node_modules/node-addon-api Completed in 0ms
831 timing idealTree:node_modules/tar-fs/node_modules/chownr Completed in 0ms
832 timing idealTree:node_modules/tar/node_modules/minipass Completed in 0ms
833 timing idealTree:buildDeps Completed in 4602ms
834 timing idealTree:fixDepFlags Completed in 14ms
835 timing idealTree Completed in 4641ms
836 timing reify:loadTrees Completed in 4642ms
837 timing reify:diffTrees Completed in 6ms
838 silly reify moves {}
839 timing reify:retireShallow Completed in 2ms
840 timing reify:createSparse Completed in 58ms
841 timing reify:loadBundles Completed in 0ms
842 silly audit bulk request {
842 silly audit   bcrypt: [ '5.1.1' ],
842 silly audit   express: [ '4.19.2' ],
842 silly audit   sqlite3: [ '5.1.7' ],
842 silly audit   '@mapbox/node-pre-gyp': [ '1.0.11' ],
842 silly audit   'node-addon-api': [ '5.1.0', '7.1.0' ],
842 silly audit   'detect-libc': [ '2.0.3' ],
842 silly audit   'https-proxy-agent': [ '5.0.1' ],
842 silly audit   'make-dir': [ '3.1.0' ],
842 silly audit   'node-fetch': [ '2.7.0' ],
842 silly audit   nopt: [ '5.0.0' ],
842 silly audit   npmlog: [ '5.0.1', '6.0.2' ],
842 silly audit   rimraf: [ '3.0.2' ],
842 silly audit   semver: [ '7.6.0', '6.3.1' ],
842 silly audit   tar: [ '6.2.1' ],
842 silly audit   accepts: [ '1.3.8' ],
842 silly audit   'array-flatten': [ '1.1.1' ],
842 silly audit   'body-parser': [ '1.20.2' ],
842 silly audit   'content-disposition': [ '0.5.4' ],
842 silly audit   'content-type': [ '1.0.5' ],
842 silly audit   cookie: [ '0.6.0' ],
842 silly audit   'cookie-signature': [ '1.0.6' ],
842 silly audit   debug: [ '2.6.9', '4.3.4' ],
842 silly audit   depd: [ '2.0.0' ],
842 silly audit   encodeurl: [ '1.0.2' ],
842 silly audit   'escape-html': [ '1.0.3' ],
842 silly audit   etag: [ '1.8.1' ],
842 silly audit   finalhandler: [ '1.2.0' ],
842 silly audit   fresh: [ '0.5.2' ],
842 silly audit   'http-errors': [ '2.0.0' ],
842 silly audit   'merge-descriptors': [ '1.0.1' ],
842 silly audit   methods: [ '1.1.2' ],
842 silly audit   'on-finished': [ '2.4.1' ],
842 silly audit   parseurl: [ '1.3.3' ],
842 silly audit   'path-to-regexp': [ '0.1.7' ],
842 silly audit   'proxy-addr': [ '2.0.7' ],
842 silly audit   qs: [ '6.11.0' ],
842 silly audit   'range-parser': [ '1.2.1' ],
842 silly audit   'safe-buffer': [ '5.2.1' ],
842 silly audit   send: [ '0.18.0' ],
842 silly audit   'serve-static': [ '1.15.0' ],
842 silly audit   setprototypeof: [ '1.2.0' ],
842 silly audit   statuses: [ '2.0.1' ],
842 silly audit   'type-is': [ '1.6.18' ],
842 silly audit   'utils-merge': [ '1.0.1' ],
842 silly audit   vary: [ '1.1.2' ],
842 silly audit   'mime-types': [ '2.1.35' ],
842 silly audit   negotiator: [ '0.6.3' ],
842 silly audit   bytes: [ '3.1.2' ],
842 silly audit   destroy: [ '1.2.0' ],
842 silly audit   'iconv-lite': [ '0.4.24', '0.6.3' ],
842 silly audit   'raw-body': [ '2.5.2' ],
842 silly audit   unpipe: [ '1.0.0' ],
842 silly audit   ms: [ '2.0.0', '2.1.3', '2.1.2' ],
842 silly audit   inherits: [ '2.0.4' ],
842 silly audit   toidentifier: [ '1.0.1' ],
842 silly audit   'agent-base': [ '6.0.2' ],
842 silly audit   'safer-buffer': [ '2.1.2' ],
842 silly audit   'mime-db': [ '1.52.0' ],
842 silly audit   'whatwg-url': [ '5.0.0' ],
842 silly audit   abbrev: [ '1.1.1' ],
842 silly audit   'are-we-there-yet': [ '2.0.0', '3.0.1' ],
842 silly audit   'console-control-strings': [ '1.1.0' ],
842 silly audit   gauge: [ '3.0.2', '4.0.4' ],
842 silly audit   'set-blocking': [ '2.0.0' ],
842 silly audit   delegates: [ '1.0.0' ],
842 silly audit   'readable-stream': [ '3.6.2' ],
842 silly audit   aproba: [ '2.0.0' ],
842 silly audit   'color-support': [ '1.1.3' ],
842 silly audit   'has-unicode': [ '2.0.1' ],
842 silly audit   'object-assign': [ '4.1.1' ],
842 silly audit   'signal-exit': [ '3.0.7' ],
842 silly audit   'string-width': [ '4.2.3' ],
842 silly audit   'strip-ansi': [ '6.0.1' ],
842 silly audit   'wide-align': [ '1.1.5' ],
842 silly audit   'ee-first': [ '1.1.1' ],
842 silly audit   forwarded: [ '0.2.0' ],
842 silly audit   'ipaddr.js': [ '1.9.1' ],
842 silly audit   'side-channel': [ '1.0.6' ],
842 silly audit   string_decoder: [ '1.3.0' ],
842 silly audit   'util-deprecate': [ '1.0.2' ],
842 silly audit   glob: [ '7.2.3' ],
842 silly audit   'fs.realpath': [ '1.0.0' ],
842 silly audit   inflight: [ '1.0.6' ],
842 silly audit   minimatch: [ '3.1.2' ],
842 silly audit   once: [ '1.4.0' ],
842 silly audit   'path-is-absolute': [ '1.0.1' ],
842 silly audit   wrappy: [ '1.0.2' ],
842 silly audit   'brace-expansion': [ '1.1.11' ],
842 silly audit   'balanced-match': [ '1.0.2' ],
842 silly audit   'concat-map': [ '0.0.1' ],
842 silly audit   'lru-cache': [ '6.0.0' ],
842 silly audit   yallist: [ '4.0.0' ],
842 silly audit   mime: [ '1.6.0' ],
842 silly audit   'call-bind': [ '1.0.7' ],
842 silly audit   'es-errors': [ '1.3.0' ],
842 silly audit   'get-intrinsic': [ '1.2.4' ],
842 silly audit   'object-inspect': [ '1.13.1' ],
842 silly audit   'es-define-property': [ '1.0.0' ],
842 silly audit   'function-bind': [ '1.1.2' ],
842 silly audit   'set-function-length': [ '1.2.2' ],
842 silly audit   'has-proto': [ '1.0.3' ],
842 silly audit   'has-symbols': [ '1.0.3' ],
842 silly audit   hasown: [ '2.0.2' ],
842 silly audit   'define-data-property': [ '1.1.4' ],
842 silly audit   gopd: [ '1.0.1' ],
842 silly audit   'has-property-descriptors': [ '1.0.2' ],
842 silly audit   bindings: [ '1.5.0' ],
842 silly audit   'node-gyp': [ '8.4.1' ],
842 silly audit   'prebuild-install': [ '7.1.2' ],
842 silly audit   'file-uri-to-path': [ '1.0.0' ],
842 silly audit   'env-paths': [ '2.2.1' ],
842 silly audit   'graceful-fs': [ '4.2.11' ],
842 silly audit   'make-fetch-happen': [ '9.1.0' ],
842 silly audit   which: [ '2.0.2' ],
842 silly audit   agentkeepalive: [ '4.5.0' ],
842 silly audit   cacache: [ '15.3.0' ],
842 silly audit   'http-cache-semantics': [ '4.1.1' ],
842 silly audit   'http-proxy-agent': [ '4.0.1' ],
842 silly audit   'is-lambda': [ '1.0.1' ],
842 silly audit   minipass: [ '3.3.6', '5.0.0' ],
842 silly audit   'minipass-collect': [ '1.0.2' ],
842 silly audit   'minipass-fetch': [ '1.4.1' ],
842 silly audit   'minipass-flush': [ '1.0.5' ],
842 silly audit   'minipass-pipeline': [ '1.2.4' ],
842 silly audit   'promise-retry': [ '2.0.1' ],
842 silly audit   'socks-proxy-agent': [ '6.2.1' ],
842 silly audit   ssri: [ '8.0.1' ],
842 silly audit   'humanize-ms': [ '1.2.1' ],
842 silly audit   '@npmcli/fs': [ '1.1.1' ],
842 silly audit   '@npmcli/move-file': [ '1.1.2' ],
842 silly audit   chownr: [ '2.0.0', '1.1.4' ],
842 silly audit   'fs-minipass': [ '2.1.0' ],
842 silly audit   'infer-owner': [ '1.0.4' ],
842 silly audit   mkdirp: [ '1.0.4' ],
842 silly audit   'p-map': [ '4.0.0' ],
842 silly audit   'promise-inflight': [ '1.0.1' ],
842 silly audit   'unique-filename': [ '1.1.1' ],
842 silly audit   '@gar/promisify': [ '1.1.3' ],
842 silly audit   '@tootallnate/once': [ '1.1.2' ],
842 silly audit   encoding: [ '0.1.13' ],
842 silly audit   'minipass-sized': [ '1.0.3' ],
842 silly audit   minizlib: [ '2.1.2' ],
842 silly audit   'aggregate-error': [ '3.1.0' ],
842 silly audit   'clean-stack': [ '2.2.0' ],
842 silly audit   'indent-string': [ '4.0.0' ],
842 silly audit   'expand-template': [ '2.0.3' ],
842 silly audit   'github-from-package': [ '0.0.0' ],
842 silly audit   minimist: [ '1.2.8' ],
842 silly audit   'mkdirp-classic': [ '0.5.3' ],
842 silly audit   'napi-build-utils': [ '1.0.2' ],
842 silly audit   'node-abi': [ '3.62.0' ],
842 silly audit   pump: [ '3.0.0' ],
842 silly audit   rc: [ '1.2.8' ],
842 silly audit   'simple-get': [ '4.0.1' ],
842 silly audit   'tar-fs': [ '2.1.1' ],
842 silly audit   'tunnel-agent': [ '0.6.0' ],
842 silly audit   'err-code': [ '2.0.3' ],
842 silly audit   retry: [ '0.12.0' ],
842 silly audit   'end-of-stream': [ '1.4.4' ],
842 silly audit   'deep-extend': [ '0.6.0' ],
842 silly audit   ini: [ '1.3.8' ],
842 silly audit   'strip-json-comments': [ '2.0.1' ],
842 silly audit   'decompress-response': [ '6.0.0' ],
842 silly audit   'simple-concat': [ '1.0.1' ],
842 silly audit   'mimic-response': [ '3.1.0' ],
842 silly audit   socks: [ '2.8.3' ],
842 silly audit   'ip-address': [ '9.0.5' ],
842 silly audit   'smart-buffer': [ '4.2.0' ],
842 silly audit   jsbn: [ '1.1.0' ],
842 silly audit   'sprintf-js': [ '1.1.3' ],
842 silly audit   'emoji-regex': [ '8.0.0' ],
842 silly audit   'is-fullwidth-code-point': [ '3.0.0' ],
842 silly audit   'ansi-regex': [ '5.0.1' ],
842 silly audit   'tar-stream': [ '2.2.0' ],
842 silly audit   bl: [ '4.1.0' ],
842 silly audit   'fs-constants': [ '1.0.0' ],
842 silly audit   buffer: [ '5.7.1' ],
842 silly audit   'base64-js': [ '1.5.1' ],
842 silly audit   ieee754: [ '1.2.1' ],
842 silly audit   'media-typer': [ '0.3.0' ],
842 silly audit   'unique-slug': [ '2.0.2' ],
842 silly audit   imurmurhash: [ '0.1.4' ],
842 silly audit   tr46: [ '0.0.3' ],
842 silly audit   'webidl-conversions': [ '3.0.1' ],
842 silly audit   isexe: [ '2.0.0' ]
842 silly audit }
843 http fetch POST 200 https://registry.npmjs.org/-/npm/v1/security/advisories/bulk 354ms
844 timing auditReport:getReport Completed in 363ms
845 silly audit report {}
846 timing auditReport:init Completed in 0ms
847 timing reify:audit Completed in 365ms
848 silly tarball no local data for node-abi@https://registry.npmjs.org/node-abi/-/node-abi-3.62.0.tgz. Extracting by manifest.
849 timing reifyNode:node_modules/imurmurhash Completed in 1838ms
850 timing reifyNode:node_modules/strip-json-comments Completed in 1838ms
851 timing reifyNode:node_modules/ini Completed in 1835ms
852 timing reifyNode:node_modules/end-of-stream Completed in 1836ms
853 timing reifyNode:node_modules/mkdirp-classic Completed in 1837ms
854 timing reifyNode:node_modules/@gar/promisify Completed in 1836ms
855 timing reifyNode:node_modules/promise-inflight Completed in 1837ms
856 timing reifyNode:node_modules/infer-owner Completed in 1837ms
857 timing reifyNode:node_modules/chownr Completed in 1837ms
858 warn deprecated @npmcli/move-file@1.1.2: This functionality has been moved to @npmcli/fs
859 timing reifyNode:node_modules/@npmcli/move-file Completed in 1839ms
860 timing reifyNode:node_modules/minipass-pipeline Completed in 1847ms
861 timing reifyNode:node_modules/minipass-flush Completed in 1847ms
862 timing reifyNode:node_modules/minipass-collect Completed in 1848ms
863 timing reifyNode:node_modules/bindings Completed in 1860ms
864 timing reifyNode:node_modules/brace-expansion Completed in 1853ms
865 timing reifyNode:node_modules/path-is-absolute Completed in 1857ms
866 timing reifyNode:node_modules/wrappy Completed in 1858ms
867 timing reifyNode:node_modules/inflight Completed in 1857ms
868 timing reifyNode:node_modules/once Completed in 1861ms
869 timing reifyNode:node_modules/wide-align Completed in 1858ms
870 timing reifyNode:node_modules/has-unicode Completed in 1858ms
871 timing reifyNode:node_modules/ee-first Completed in 1860ms
872 timing reifyNode:node_modules/object-assign Completed in 1864ms
873 timing reifyNode:node_modules/abbrev Completed in 1864ms
874 timing reifyNode:node_modules/ms Completed in 1879ms
875 timing reifyNode:node_modules/destroy Completed in 1881ms
876 timing reifyNode:node_modules/escape-html Completed in 1878ms
877 timing reifyNode:node_modules/array-flatten Completed in 1879ms
878 timing reifyNode:node_modules/tar-fs/node_modules/chownr Completed in 1918ms
879 timing reifyNode:node_modules/http-proxy-agent/node_modules/ms Completed in 1913ms
880 timing reifyNode:node_modules/socks-proxy-agent/node_modules/ms Completed in 1916ms
881 timing reifyNode:node_modules/agent-base/node_modules/ms Completed in 1896ms
882 timing reifyNode:node_modules/send/node_modules/ms Completed in 1895ms
883 timing reifyNode:node_modules/https-proxy-agent/node_modules/ms Completed in 1889ms
884 timing reifyNode:node_modules/webidl-conversions Completed in 1932ms
885 timing reifyNode:node_modules/media-typer Completed in 1933ms
886 timing reifyNode:node_modules/ieee754 Completed in 1933ms
887 timing reifyNode:node_modules/fs-constants Completed in 1932ms
888 timing reifyNode:node_modules/ansi-regex Completed in 1933ms
889 timing reifyNode:node_modules/is-fullwidth-code-point Completed in 1933ms
890 timing reifyNode:node_modules/mimic-response Completed in 1933ms
891 timing reifyNode:node_modules/decompress-response Completed in 1935ms
892 timing reifyNode:node_modules/tunnel-agent Completed in 1931ms
893 timing reifyNode:node_modules/clean-stack Completed in 1932ms
894 timing reifyNode:node_modules/aggregate-error Completed in 1932ms
895 timing reifyNode:node_modules/indent-string Completed in 1933ms
896 timing reifyNode:node_modules/@tootallnate/once Completed in 1933ms
897 timing reifyNode:node_modules/p-map Completed in 1932ms
898 timing reifyNode:node_modules/fs-minipass Completed in 1933ms
899 timing reifyNode:node_modules/humanize-ms Completed in 1932ms
900 timing reifyNode:node_modules/env-paths Completed in 1933ms
901 timing reifyNode:node_modules/lru-cache Completed in 1932ms
902 timing reifyNode:node_modules/forwarded Completed in 1927ms
903 timing reifyNode:node_modules/strip-ansi Completed in 1927ms
904 timing reifyNode:node_modules/signal-exit Completed in 1926ms
905 timing reifyNode:node_modules/aproba Completed in 1927ms
906 timing reifyNode:node_modules/string-width Completed in 1928ms
907 timing reifyNode:node_modules/console-control-strings Completed in 1927ms
908 timing reifyNode:node_modules/set-blocking Completed in 1929ms
909 timing reifyNode:node_modules/toidentifier Completed in 1930ms
910 timing reifyNode:node_modules/inherits Completed in 1929ms
911 timing reifyNode:node_modules/unpipe Completed in 1930ms
912 timing reifyNode:node_modules/bytes Completed in 1931ms
913 timing reifyNode:node_modules/vary Completed in 1932ms
914 timing reifyNode:node_modules/utils-merge Completed in 1932ms
915 timing reifyNode:node_modules/type-is Completed in 1932ms
916 timing reifyNode:node_modules/range-parser Completed in 1932ms
917 timing reifyNode:node_modules/parseurl Completed in 1933ms
918 timing reifyNode:node_modules/methods Completed in 1933ms
919 timing reifyNode:node_modules/path-to-regexp Completed in 1933ms
920 timing reifyNode:node_modules/merge-descriptors Completed in 1929ms
921 timing reifyNode:node_modules/http-errors Completed in 1929ms
922 timing reifyNode:node_modules/fresh Completed in 1929ms
923 timing reifyNode:node_modules/etag Completed in 1930ms
924 timing reifyNode:node_modules/encodeurl Completed in 1930ms
925 timing reifyNode:node_modules/cookie-signature Completed in 1930ms
926 timing reifyNode:node_modules/content-type Completed in 1931ms
927 timing reifyNode:node_modules/accepts Completed in 1931ms
928 timing reifyNode:node_modules/npmlog Completed in 1932ms
929 timing reifyNode:node_modules/make-dir Completed in 1932ms
930 timing reifyNode:node_modules/base64-js Completed in 1978ms
931 timing reifyNode:node_modules/expand-template Completed in 1974ms
932 timing reifyNode:node_modules/yallist Completed in 1970ms
933 timing reifyNode:node_modules/balanced-match Completed in 1970ms
934 timing reifyNode:node_modules/fs.realpath Completed in 1965ms
935 timing reifyNode:node_modules/util-deprecate Completed in 1965ms
936 timing reifyNode:node_modules/string_decoder Completed in 1966ms
937 timing reifyNode:node_modules/color-support Completed in 1966ms
938 timing reifyNode:node_modules/proxy-addr Completed in 1968ms
939 timing reifyNode:node_modules/on-finished Completed in 1968ms
940 timing reifyNode:node_modules/node-gyp/node_modules/npmlog Completed in 1992ms
941 timing reifyNode:node_modules/unique-slug Completed in 2009ms
942 timing reifyNode:node_modules/simple-concat Completed in 2009ms
943 timing reifyNode:node_modules/deep-extend Completed in 2006ms
944 timing reifyNode:node_modules/pump Completed in 2006ms
945 timing reifyNode:node_modules/napi-build-utils Completed in 2006ms
946 timing reifyNode:node_modules/minizlib Completed in 2005ms
947 timing reifyNode:node_modules/ssri Completed in 2005ms
948 timing reifyNode:node_modules/is-lambda Completed in 2004ms
949 timing reifyNode:node_modules/http-cache-semantics Completed in 2004ms
950 timing reifyNode:node_modules/which Completed in 2004ms
951 timing reifyNode:node_modules/graceful-fs Completed in 2005ms
952 timing reifyNode:node_modules/minimatch Completed in 1999ms
953 timing reifyNode:node_modules/mime-types Completed in 2004ms
954 timing reifyNode:node_modules/statuses Completed in 2005ms
955 timing reifyNode:node_modules/setprototypeof Completed in 2004ms
956 timing reifyNode:node_modules/serve-static Completed in 2004ms
957 timing reifyNode:node_modules/content-disposition Completed in 2000ms
958 timing reifyNode:node_modules/socks-proxy-agent Completed in 2037ms
959 timing reifyNode:node_modules/safe-buffer Completed in 2033ms
960 timing reifyNode:node_modules/finalhandler Completed in 2029ms
961 timing reifyNode:node_modules/cookie Completed in 2031ms
962 timing reifyNode:node_modules/rimraf Completed in 2033ms
963 timing reifyNode:node_modules/encoding Completed in 2078ms
964 timing reifyNode:node_modules/http-proxy-agent Completed in 2075ms
965 timing reifyNode:node_modules/concat-map Completed in 2070ms
966 timing reifyNode:node_modules/delegates Completed in 2065ms
967 http fetch GET 200 https://registry.npmjs.org/node-abi/-/node-abi-3.62.0.tgz 1724ms (cache miss)
968 timing reifyNode:node_modules/node-abi Completed in 2089ms
969 timing reifyNode:node_modules/raw-body Completed in 2067ms
970 timing reifyNode:node_modules/http-proxy-agent/node_modules/debug Completed in 2090ms
971 timing reifyNode:node_modules/socks-proxy-agent/node_modules/debug Completed in 2091ms
972 timing reifyNode:node_modules/agent-base/node_modules/debug Completed in 2073ms
973 timing reifyNode:node_modules/https-proxy-agent/node_modules/debug Completed in 2064ms
974 timing reifyNode:node_modules/isexe Completed in 2107ms
975 timing reifyNode:node_modules/minipass Completed in 2097ms
976 timing reifyNode:node_modules/gopd Completed in 2106ms
977 timing reifyNode:node_modules/are-we-there-yet Completed in 2100ms
978 timing reifyNode:node_modules/safer-buffer Completed in 2101ms
979 timing reifyNode:node_modules/depd Completed in 2096ms
980 timing reifyNode:node_modules/nopt Completed in 2098ms
981 timing reifyNode:node_modules/detect-libc Completed in 2097ms
982 timing reifyNode:node_modules/node-gyp/node_modules/are-we-there-yet Completed in 2124ms
983 timing reifyNode:node_modules/tar-stream Completed in 2141ms
984 timing reifyNode:node_modules/err-code Completed in 2137ms
985 timing reifyNode:node_modules/promise-retry Completed in 2134ms
986 timing reifyNode:node_modules/file-uri-to-path Completed in 2132ms
987 timing reifyNode:node_modules/hasown Completed in 2133ms
988 timing reifyNode:node_modules/ipaddr.js Completed in 2123ms
989 timing reifyNode:node_modules/glob Completed in 2123ms
990 timing reifyNode:node_modules/emoji-regex Completed in 2167ms
991 timing reifyNode:node_modules/simple-get Completed in 2163ms
992 timing reifyNode:node_modules/send Completed in 2152ms
993 timing reifyNode:node_modules/tar/node_modules/minipass Completed in 2154ms
994 timing reifyNode:node_modules/make-dir/node_modules/semver Completed in 2154ms
995 timing reifyNode:node_modules/buffer Completed in 2194ms
996 timing reifyNode:node_modules/has-property-descriptors Completed in 2186ms
997 timing reifyNode:node_modules/es-define-property Completed in 2182ms
998 timing reifyNode:node_modules/whatwg-url Completed in 2174ms
999 timing reifyNode:node_modules/negotiator Completed in 2174ms
1000 timing reifyNode:node_modules/jsbn Completed in 2217ms
1001 timing reifyNode:node_modules/mkdirp Completed in 2211ms
1002 timing reifyNode:node_modules/has-proto Completed in 2205ms
1003 timing reifyNode:node_modules/call-bind Completed in 2204ms
1004 timing reifyNode:node_modules/sprintf-js Completed in 2235ms
1005 timing reifyNode:node_modules/github-from-package Completed in 2230ms
1006 timing reifyNode:node_modules/agentkeepalive Completed in 2226ms
1007 timing reifyNode:node_modules/set-function-length Completed in 2220ms
1008 timing reifyNode:node_modules/get-intrinsic Completed in 2221ms
1009 timing reifyNode:node_modules/mime Completed in 2221ms
1010 timing reifyNode:node_modules/rc Completed in 2245ms
1011 timing reifyNode:node_modules/minipass-sized Completed in 2244ms
1012 timing reifyNode:node_modules/https-proxy-agent Completed in 2218ms
1013 timing reifyNode:node_modules/bl Completed in 2260ms
1014 timing reifyNode:node_modules/minipass-fetch Completed in 2251ms
1015 timing reifyNode:node_modules/prebuild-install Completed in 2249ms
1016 timing reifyNode:node_modules/define-data-property Completed in 2249ms
1017 timing reifyNode:node_modules/side-channel Completed in 2237ms
1018 timing reifyNode:node_modules/agent-base Completed in 2236ms
1019 timing reifyNode:node_modules/function-bind Completed in 2256ms
1020 timing reifyNode:node_modules/node-fetch Completed in 2252ms
1021 timing reifyNode:node_modules/has-symbols Completed in 2288ms
1022 timing reifyNode:node_modules/mime-db Completed in 2280ms
1023 timing reifyNode:node_modules/retry Completed in 2314ms
1024 timing reifyNode:node_modules/body-parser Completed in 2289ms
1025 timing reifyNode:node_modules/tr46 Completed in 2332ms
1026 timing reifyNode:node_modules/make-fetch-happen Completed in 2321ms
1027 timing reifyNode:node_modules/gauge Completed in 2307ms
1028 timing reifyNode:node_modules/debug Completed in 2300ms
1029 timing reifyNode:node_modules/node-gyp/node_modules/gauge Completed in 2344ms
1030 timing reifyNode:node_modules/unique-filename Completed in 2351ms
1031 timing reifyNode:node_modules/es-errors Completed in 2350ms
1032 timing reifyNode:node_modules/smart-buffer Completed in 2374ms
1033 timing reifyNode:node_modules/cacache Completed in 2396ms
1034 timing reifyNode:node_modules/minimist Completed in 2415ms
1035 timing reifyNode:node_modules/@npmcli/fs Completed in 2426ms
1036 timing reifyNode:node_modules/express Completed in 2405ms
1037 timing reifyNode:node_modules/qs Completed in 2421ms
1038 timing reifyNode:node_modules/readable-stream Completed in 2427ms
1039 timing reifyNode:node_modules/sqlite3/node_modules/node-addon-api Completed in 2432ms
1040 timing reifyNode:node_modules/node-addon-api Completed in 2433ms
1041 timing reifyNode:node_modules/bcrypt Completed in 2433ms
1042 timing reifyNode:node_modules/iconv-lite Completed in 2442ms
1043 timing reifyNode:node_modules/tar Completed in 2436ms
1044 timing reifyNode:node_modules/tar-fs Completed in 2469ms
1045 timing reifyNode:node_modules/object-inspect Completed in 2454ms
1046 timing reifyNode:node_modules/@mapbox/node-pre-gyp Completed in 2463ms
1047 timing reifyNode:node_modules/semver Completed in 2469ms
1048 timing reifyNode:node_modules/ip-address Completed in 2512ms
1049 timing reifyNode:node_modules/socks Completed in 2514ms
1050 timing reifyNode:node_modules/encoding/node_modules/iconv-lite Completed in 2509ms
1051 timing reifyNode:node_modules/sqlite3 Completed in 2538ms
1052 timing reifyNode:node_modules/node-gyp Completed in 2585ms
1053 timing reify:unpack Completed in 2602ms
1054 timing reify:unretire Completed in 1ms
1055 timing build:queue Completed in 24ms
1056 timing build:link:node_modules/@mapbox/node-pre-gyp Completed in 13ms
1057 timing build:link:node_modules/make-dir/node_modules/semver Completed in 11ms
1058 timing build:link:node_modules/color-support Completed in 13ms
1059 timing build:link:node_modules/mime Completed in 13ms
1060 timing build:link:node_modules/mkdirp Completed in 13ms
1061 timing build:link:node_modules/node-gyp Completed in 14ms
1062 timing build:link:node_modules/nopt Completed in 14ms
1063 timing build:link:node_modules/prebuild-install Completed in 13ms
1064 timing build:link:node_modules/rc Completed in 13ms
1065 timing build:link:node_modules/rimraf Completed in 13ms
1066 timing build:link:node_modules/semver Completed in 13ms
1067 timing build:link:node_modules/which Completed in 12ms
1068 timing build:link Completed in 16ms
1069 info run bcrypt@5.1.1 install node_modules/bcrypt node-pre-gyp install --fallback-to-build
1070 info run bcrypt@5.1.1 install { code: 0, signal: null }
1071 timing build:run:install:node_modules/bcrypt Completed in 1029ms
1072 info run sqlite3@5.1.7 install node_modules/sqlite3 prebuild-install -r napi || node-gyp rebuild
1073 info run sqlite3@5.1.7 install { code: 0, signal: null }
1074 timing build:run:install:node_modules/sqlite3 Completed in 478ms
1075 timing build:run:install Completed in 1509ms
1076 timing build:deps Completed in 1549ms
1077 timing build Completed in 1550ms
1078 timing reify:build Completed in 1550ms
1079 timing reify:trash Completed in 0ms
1080 timing reify:save Completed in 104ms
1081 timing reify Completed in 9048ms
1082 silly ADD node_modules/isexe
1083 silly ADD node_modules/webidl-conversions
1084 silly ADD node_modules/tr46
1085 silly ADD node_modules/imurmurhash
1086 silly ADD node_modules/unique-slug
1087 silly ADD node_modules/media-typer
1088 silly ADD node_modules/ieee754
1089 silly ADD node_modules/base64-js
1090 silly ADD node_modules/buffer
1091 silly ADD node_modules/fs-constants
1092 silly ADD node_modules/bl
1093 silly ADD node_modules/tar-stream
1094 silly ADD node_modules/ansi-regex
1095 silly ADD node_modules/is-fullwidth-code-point
1096 silly ADD node_modules/emoji-regex
1097 silly ADD node_modules/sprintf-js
1098 silly ADD node_modules/jsbn
1099 silly ADD node_modules/smart-buffer
1100 silly ADD node_modules/ip-address
1101 silly ADD node_modules/socks
1102 silly ADD node_modules/mimic-response
1103 silly ADD node_modules/simple-concat
1104 silly ADD node_modules/decompress-response
1105 silly ADD node_modules/strip-json-comments
1106 silly ADD node_modules/ini
1107 silly ADD node_modules/deep-extend
1108 silly ADD node_modules/end-of-stream
1109 silly ADD node_modules/retry
1110 silly ADD node_modules/err-code
1111 silly ADD node_modules/tunnel-agent
1112 silly ADD node_modules/tar-fs
1113 silly ADD node_modules/tar-fs/node_modules/chownr
1114 silly ADD node_modules/simple-get
1115 silly ADD node_modules/rc
1116 silly ADD node_modules/pump
1117 silly ADD node_modules/node-abi
1118 silly ADD node_modules/napi-build-utils
1119 silly ADD node_modules/mkdirp-classic
1120 silly ADD node_modules/minimist
1121 silly ADD node_modules/github-from-package
1122 silly ADD node_modules/expand-template
1123 silly ADD node_modules/indent-string
1124 silly ADD node_modules/clean-stack
1125 silly ADD node_modules/aggregate-error
1126 silly ADD node_modules/minizlib
1127 silly ADD node_modules/minipass-sized
1128 silly ADD node_modules/encoding
1129 silly ADD node_modules/encoding/node_modules/iconv-lite
1130 silly ADD node_modules/@tootallnate/once
1131 silly ADD node_modules/@gar/promisify
1132 silly ADD node_modules/unique-filename
1133 silly ADD node_modules/promise-inflight
1134 silly ADD node_modules/p-map
1135 silly ADD node_modules/mkdirp
1136 silly ADD node_modules/infer-owner
1137 silly ADD node_modules/fs-minipass
1138 silly ADD node_modules/chownr
1139 silly ADD node_modules/@npmcli/move-file
1140 silly ADD node_modules/@npmcli/fs
1141 silly ADD node_modules/humanize-ms
1142 silly ADD node_modules/ssri
1143 silly ADD node_modules/socks-proxy-agent
1144 silly ADD node_modules/socks-proxy-agent/node_modules/ms
1145 silly ADD node_modules/socks-proxy-agent/node_modules/debug
1146 silly ADD node_modules/promise-retry
1147 silly ADD node_modules/minipass-pipeline
1148 silly ADD node_modules/minipass-flush
1149 silly ADD node_modules/minipass-fetch
1150 silly ADD node_modules/minipass-collect
1151 silly ADD node_modules/minipass
1152 silly ADD node_modules/is-lambda
1153 silly ADD node_modules/http-proxy-agent
1154 silly ADD node_modules/http-proxy-agent/node_modules/ms
1155 silly ADD node_modules/http-proxy-agent/node_modules/debug
1156 silly ADD node_modules/http-cache-semantics
1157 silly ADD node_modules/cacache
1158 silly ADD node_modules/agentkeepalive
1159 silly ADD node_modules/which
1160 silly ADD node_modules/make-fetch-happen
1161 silly ADD node_modules/graceful-fs
1162 silly ADD node_modules/env-paths
1163 silly ADD node_modules/file-uri-to-path
1164 silly ADD node_modules/prebuild-install
1165 silly ADD node_modules/node-gyp
1166 silly ADD node_modules/node-gyp/node_modules/gauge
1167 silly ADD node_modules/node-gyp/node_modules/are-we-there-yet
1168 silly ADD node_modules/node-gyp/node_modules/npmlog
1169 silly ADD node_modules/bindings
1170 silly ADD node_modules/has-property-descriptors
1171 silly ADD node_modules/gopd
1172 silly ADD node_modules/define-data-property
1173 silly ADD node_modules/hasown
1174 silly ADD node_modules/has-symbols
1175 silly ADD node_modules/has-proto
1176 silly ADD node_modules/set-function-length
1177 silly ADD node_modules/function-bind
1178 silly ADD node_modules/es-define-property
1179 silly ADD node_modules/object-inspect
1180 silly ADD node_modules/get-intrinsic
1181 silly ADD node_modules/es-errors
1182 silly ADD node_modules/call-bind
1183 silly ADD node_modules/mime
1184 silly ADD node_modules/yallist
1185 silly ADD node_modules/lru-cache
1186 silly ADD node_modules/concat-map
1187 silly ADD node_modules/balanced-match
1188 silly ADD node_modules/brace-expansion
1189 silly ADD node_modules/wrappy
1190 silly ADD node_modules/path-is-absolute
1191 silly ADD node_modules/once
1192 silly ADD node_modules/minimatch
1193 silly ADD node_modules/inflight
1194 silly ADD node_modules/fs.realpath
1195 silly ADD node_modules/glob
1196 silly ADD node_modules/util-deprecate
1197 silly ADD node_modules/string_decoder
1198 silly ADD node_modules/side-channel
1199 silly ADD node_modules/ipaddr.js
1200 silly ADD node_modules/forwarded
1201 silly ADD node_modules/ee-first
1202 silly ADD node_modules/wide-align
1203 silly ADD node_modules/strip-ansi
1204 silly ADD node_modules/string-width
1205 silly ADD node_modules/signal-exit
1206 silly ADD node_modules/object-assign
1207 silly ADD node_modules/has-unicode
1208 silly ADD node_modules/color-support
1209 silly ADD node_modules/aproba
1210 silly ADD node_modules/readable-stream
1211 silly ADD node_modules/delegates
1212 silly ADD node_modules/set-blocking
1213 silly ADD node_modules/gauge
1214 silly ADD node_modules/console-control-strings
1215 silly ADD node_modules/are-we-there-yet
1216 silly ADD node_modules/abbrev
1217 silly ADD node_modules/whatwg-url
1218 silly ADD node_modules/mime-db
1219 silly ADD node_modules/safer-buffer
1220 silly ADD node_modules/agent-base
1221 silly ADD node_modules/agent-base/node_modules/ms
1222 silly ADD node_modules/agent-base/node_modules/debug
1223 silly ADD node_modules/toidentifier
1224 silly ADD node_modules/inherits
1225 silly ADD node_modules/ms
1226 silly ADD node_modules/unpipe
1227 silly ADD node_modules/raw-body
1228 silly ADD node_modules/iconv-lite
1229 silly ADD node_modules/destroy
1230 silly ADD node_modules/bytes
1231 silly ADD node_modules/negotiator
1232 silly ADD node_modules/mime-types
1233 silly ADD node_modules/vary
1234 silly ADD node_modules/utils-merge
1235 silly ADD node_modules/type-is
1236 silly ADD node_modules/statuses
1237 silly ADD node_modules/setprototypeof
1238 silly ADD node_modules/serve-static
1239 silly ADD node_modules/send
1240 silly ADD node_modules/send/node_modules/ms
1241 silly ADD node_modules/safe-buffer
1242 silly ADD node_modules/range-parser
1243 silly ADD node_modules/qs
1244 silly ADD node_modules/proxy-addr
1245 silly ADD node_modules/path-to-regexp
1246 silly ADD node_modules/parseurl
1247 silly ADD node_modules/on-finished
1248 silly ADD node_modules/methods
1249 silly ADD node_modules/merge-descriptors
1250 silly ADD node_modules/http-errors
1251 silly ADD node_modules/fresh
1252 silly ADD node_modules/finalhandler
1253 silly ADD node_modules/etag
1254 silly ADD node_modules/escape-html
1255 silly ADD node_modules/encodeurl
1256 silly ADD node_modules/depd
1257 silly ADD node_modules/debug
1258 silly ADD node_modules/cookie-signature
1259 silly ADD node_modules/cookie
1260 silly ADD node_modules/content-type
1261 silly ADD node_modules/content-disposition
1262 silly ADD node_modules/body-parser
1263 silly ADD node_modules/array-flatten
1264 silly ADD node_modules/accepts
1265 silly ADD node_modules/tar
1266 silly ADD node_modules/tar/node_modules/minipass
1267 silly ADD node_modules/semver
1268 silly ADD node_modules/rimraf
1269 silly ADD node_modules/npmlog
1270 silly ADD node_modules/nopt
1271 silly ADD node_modules/node-fetch
1272 silly ADD node_modules/make-dir
1273 silly ADD node_modules/make-dir/node_modules/semver
1274 silly ADD node_modules/https-proxy-agent
1275 silly ADD node_modules/https-proxy-agent/node_modules/ms
1276 silly ADD node_modules/https-proxy-agent/node_modules/debug
1277 silly ADD node_modules/detect-libc
1278 silly ADD node_modules/node-addon-api
1279 silly ADD node_modules/@mapbox/node-pre-gyp
1280 silly ADD node_modules/sqlite3
1281 silly ADD node_modules/sqlite3/node_modules/node-addon-api
1282 silly ADD node_modules/express
1283 silly ADD node_modules/bcrypt
1284 timing command:install Completed in 9072ms
1285 verbose exit 0
1286 timing npm Completed in 9129ms
1287 info ok
