0 verbose cli /usr/bin/node /usr/bin/npm
1 info using npm@9.2.0
2 info using node@v18.13.0
3 timing npm:load:whichnode Completed in 1ms
4 timing config:load:defaults Completed in 3ms
5 timing config:load:file:/usr/share/nodejs/npm/npmrc Completed in 7ms
6 timing config:load:builtin Completed in 8ms
7 timing config:load:cli Completed in 3ms
8 timing config:load:env Completed in 1ms
9 timing config:load:file:/home/ngallego/www/.npmrc Completed in 0ms
10 timing config:load:project Completed in 4ms
11 timing config:load:file:/home/ngallego/.npmrc Completed in 0ms
12 timing config:load:user Completed in 0ms
13 timing config:load:file:/etc/npmrc Completed in 0ms
14 timing config:load:global Completed in 1ms
15 timing config:load:setEnvs Completed in 2ms
16 timing config:load Completed in 23ms
17 timing npm:load:configload Completed in 24ms
18 timing npm:load:mkdirpcache Completed in 1ms
19 timing npm:load:mkdirplogs Completed in 0ms
20 verbose title npm completion npm install par
21 verbose argv "completion" "--" "npm" "install" "par"
22 timing npm:load:setTitle Completed in 4ms
23 timing config:load:flatten Completed in 7ms
24 timing npm:load:display Completed in 9ms
25 verbose logfile logs-max:10 dir:/home/ngallego/.npm/_logs/2024-03-20T17_20_15_838Z-
26 verbose logfile /home/ngallego/.npm/_logs/2024-03-20T17_20_15_838Z-debug-0.log
27 timing npm:load:logFile Completed in 14ms
28 timing npm:load:timers Completed in 0ms
29 timing npm:load:configScope Completed in 0ms
30 timing npm:load Completed in 53ms
31 silly logfile done cleaning log files
32 timing config:load:flatten Completed in 1ms
33 timing command:completion Completed in 31ms
34 verbose stack TypeError: Cannot read properties of undefined (reading 'filter')
34 verbose stack     at Completion.wrap (/usr/share/nodejs/npm/lib/commands/completion.js:190:23)
34 verbose stack     at Completion.exec (/usr/share/nodejs/npm/lib/commands/completion.js:173:19)
34 verbose stack     at async module.exports (/usr/share/nodejs/npm/lib/cli.js:133:5)
35 verbose cwd /home/ngallego/www
36 verbose Linux 6.5.0-9-generic
37 verbose node v18.13.0
38 verbose npm  v9.2.0
39 error Cannot read properties of undefined (reading 'filter')
40 verbose exit 1
41 timing config:load:flatten Completed in 2ms
42 timing npm Completed in 119ms
43 verbose code 1
44 error A complete log of this run can be found in:
44 error     /home/ngallego/.npm/_logs/2024-03-20T17_20_15_838Z-debug-0.log
