   298.3ms (setup:799): 2024-04-05 06:48:22
   298.5ms (setup:800): /usr/bin/pipx install matplotlib
   298.5ms (setup:801): pipx version is 1.2.0
   298.5ms (setup:802): Default python interpreter is '/usr/bin/python3'
   298.6ms (mkdir:81): creating directory /home/ngallego/.local/pipx/venvs
   298.7ms (mkdir:81): creating directory /home/ngallego/.local/bin
   298.7ms (mkdir:81): creating directory /home/ngallego/.local/pipx/.cache
   298.8ms (setup:810): Adding CACHEDIR.TAG to cache directory
   299.8ms (package_name_from_spec:322): Determined package name: matplotlib
   299.8ms (package_name_from_spec:323): Package name determined in 0.0s
   300.5ms (run_subprocess:173): running /usr/bin/python3 -m venv --without-pip /home/ngallego/.local/pipx/venvs/matplotlib
   380.3ms (run_subprocess:186): stdout:
   380.4ms (run_subprocess:188): stderr:
   380.5ms (run_subprocess:189): returncode: 0
   381.4ms (run_subprocess:173): running /usr/bin/python3 -m venv --clear /home/ngallego/.local/pipx/shared
  7458.0ms (run_subprocess:186): stdout:
  7459.1ms (run_subprocess:188): stderr:
  7459.3ms (run_subprocess:189): returncode: 0
  7460.1ms (upgrade:91): Upgrading shared libraries in /home/ngallego/.local/pipx/shared
  7460.6ms (run_subprocess:173): running /home/ngallego/.local/pipx/shared/bin/python -m pip --disable-pip-version-check install --force-reinstall -q --upgrade pip setuptools wheel
 14208.2ms (run_subprocess:186): stdout:
 14209.8ms (run_subprocess:188): stderr:
 14209.9ms (run_subprocess:189): returncode: 0
 14210.6ms (run_subprocess:173): running /home/ngallego/.local/pipx/venvs/matplotlib/bin/python -c import sysconfig; print(sysconfig.get_path('purelib'))
 14240.0ms (run_subprocess:186): stdout: /home/ngallego/.local/pipx/venvs/matplotlib/lib/python3.11/site-packages
 14240.2ms (run_subprocess:189): returncode: 0
 14240.5ms (run_subprocess:173): running /home/ngallego/.local/pipx/shared/bin/python -c import sysconfig; print(sysconfig.get_path('purelib'))
 14267.6ms (run_subprocess:186): stdout: /home/ngallego/.local/pipx/shared/lib/python3.11/site-packages
 14267.7ms (run_subprocess:189): returncode: 0
 14268.1ms (run_subprocess:173): running /home/ngallego/.local/pipx/venvs/matplotlib/bin/python --version
 14270.7ms (run_subprocess:186): stdout: Python 3.11.6
 14270.9ms (run_subprocess:188): stderr:
 14271.0ms (run_subprocess:189): returncode: 0
 14271.3ms (_parsed_package_to_package_or_url:147): cleaned package spec: matplotlib
 14271.8ms (run_subprocess:173): running /home/ngallego/.local/pipx/venvs/matplotlib/bin/python -m pip install matplotlib
 28685.8ms (run_subprocess:189): returncode: 0
 28687.8ms (run_subprocess:173): running <fetch_info_in_venv commands>
 28812.5ms (run_subprocess:186): stdout: {"sys_path": ["/usr/lib/python311.zip", "/usr/lib/python3.11", "/usr/lib/python3.11/lib-dynload", "/home/ngallego/.local/pipx/venvs/matplotlib/lib/python3.11/site-packages", "/home/ngallego/.local/pipx/shared/lib/python3.11/site-packages"], "python_version": "3.11.6", "environment": {"implementation_name": "cpython", "implementation_version": "3.11.6", "os_name": "posix", "platform_machine": "x86_64", "platform_release": "6.5.0-26-generic", "platform_system": "Linux", "platform_version": "#26-Ubuntu SMP PREEMPT_DYNAMIC Tue Mar  5 21:19:28 UTC 2024", "python_full_version": "3.11.6", "platform_python_implementation": "CPython", "python_version": "3.11", "sys_platform": "linux"}}
 28812.7ms (run_subprocess:189): returncode: 0
 29078.9ms (get_venv_metadata_for_package:316): get_venv_metadata_for_package: 391ms
 29079.1ms (_parsed_package_to_package_or_url:147): cleaned package spec: matplotlib
 29080.6ms (rmdir:55): removing directory /home/ngallego/.local/pipx/venvs/matplotlib
 29287.0ms (cli:866): PipxError: No apps associated with package matplotlib. Try again with '--include-deps' to include apps of dependent packages, which are listed above. If you are attempting to install a
library, pipx should not be used. Consider using pip or a similar tool instead.
Traceback (most recent call last):
  File "/usr/lib/python3/dist-packages/pipx/main.py", line 863, in cli
    return run_pipx_command(parsed_pipx_args)
           ^^^^^^^^^^^^^^^^^^^^^^^^^^^^^^^^^^
  File "/usr/lib/python3/dist-packages/pipx/main.py", line 214, in run_pipx_command
    return commands.install(
           ^^^^^^^^^^^^^^^^^
  File "/usr/lib/python3/dist-packages/pipx/commands/install.py", line 69, in install
    run_post_install_actions(
  File "/usr/lib/python3/dist-packages/pipx/commands/common.py", line 376, in run_post_install_actions
    raise PipxError(
pipx.util.PipxError: No apps associated with package matplotlib. Try again with '--include-deps' to include apps of dependent packages, which are listed above. If you are attempting to install a
library, pipx should not be used. Consider using pip or a similar tool instead.
 29295.2ms (cli:874): pipx finished.
